{"/home/ubuntu/devops/03.fullcycle/08.ddd-modelagem-tatica-e-patterns/mvc-ddd-patterns/src/domain/entity/address.ts": {"path":"/home/ubuntu/devops/03.fullcycle/08.ddd-modelagem-tatica-e-patterns/mvc-ddd-patterns/src/domain/entity/address.ts","all":false,"statementMap":{"0":{"start":{"line":1,"column":0},"end":{"line":1,"column":30}},"1":{"start":{"line":2,"column":0},"end":{"line":2,"column":1}},"2":{"start":{"line":3,"column":0},"end":{"line":3,"column":30}},"3":{"start":{"line":4,"column":0},"end":{"line":4,"column":30}},"4":{"start":{"line":5,"column":0},"end":{"line":5,"column":27}},"5":{"start":{"line":6,"column":0},"end":{"line":6,"column":28}},"6":{"start":{"line":7,"column":0},"end":{"line":7,"column":0}},"7":{"start":{"line":8,"column":0},"end":{"line":8,"column":73}},"8":{"start":{"line":9,"column":0},"end":{"line":9,"column":24}},"9":{"start":{"line":10,"column":0},"end":{"line":10,"column":24}},"10":{"start":{"line":11,"column":0},"end":{"line":11,"column":18}},"11":{"start":{"line":12,"column":0},"end":{"line":12,"column":20}},"12":{"start":{"line":13,"column":0},"end":{"line":13,"column":0}},"13":{"start":{"line":14,"column":0},"end":{"line":14,"column":18}},"14":{"start":{"line":15,"column":0},"end":{"line":15,"column":2}},"15":{"start":{"line":16,"column":0},"end":{"line":16,"column":0}},"16":{"start":{"line":17,"column":0},"end":{"line":17,"column":23}},"17":{"start":{"line":18,"column":0},"end":{"line":18,"column":22}},"18":{"start":{"line":19,"column":0},"end":{"line":19,"column":2}},"19":{"start":{"line":20,"column":0},"end":{"line":20,"column":0}},"20":{"start":{"line":21,"column":0},"end":{"line":21,"column":23}},"21":{"start":{"line":22,"column":0},"end":{"line":22,"column":22}},"22":{"start":{"line":23,"column":0},"end":{"line":23,"column":2}},"23":{"start":{"line":24,"column":0},"end":{"line":24,"column":0}},"24":{"start":{"line":25,"column":0},"end":{"line":25,"column":20}},"25":{"start":{"line":26,"column":0},"end":{"line":26,"column":19}},"26":{"start":{"line":27,"column":0},"end":{"line":27,"column":2}},"27":{"start":{"line":28,"column":0},"end":{"line":28,"column":0}},"28":{"start":{"line":29,"column":0},"end":{"line":29,"column":21}},"29":{"start":{"line":30,"column":0},"end":{"line":30,"column":20}},"30":{"start":{"line":31,"column":0},"end":{"line":31,"column":2}},"31":{"start":{"line":32,"column":0},"end":{"line":32,"column":0}},"32":{"start":{"line":33,"column":0},"end":{"line":33,"column":19}},"33":{"start":{"line":34,"column":0},"end":{"line":34,"column":41}},"34":{"start":{"line":35,"column":0},"end":{"line":35,"column":50}},"35":{"start":{"line":36,"column":0},"end":{"line":36,"column":3}},"36":{"start":{"line":37,"column":0},"end":{"line":37,"column":41}},"37":{"start":{"line":38,"column":0},"end":{"line":38,"column":50}},"38":{"start":{"line":39,"column":0},"end":{"line":39,"column":3}},"39":{"start":{"line":40,"column":0},"end":{"line":40,"column":38}},"40":{"start":{"line":41,"column":0},"end":{"line":41,"column":47}},"41":{"start":{"line":42,"column":0},"end":{"line":42,"column":3}},"42":{"start":{"line":43,"column":0},"end":{"line":43,"column":39}},"43":{"start":{"line":44,"column":0},"end":{"line":44,"column":48}},"44":{"start":{"line":45,"column":0},"end":{"line":45,"column":3}},"45":{"start":{"line":46,"column":0},"end":{"line":46,"column":2}},"46":{"start":{"line":47,"column":0},"end":{"line":47,"column":0}},"47":{"start":{"line":48,"column":0},"end":{"line":48,"column":13}},"48":{"start":{"line":49,"column":0},"end":{"line":49,"column":72}},"49":{"start":{"line":50,"column":0},"end":{"line":50,"column":2}},"50":{"start":{"line":51,"column":0},"end":{"line":51,"column":1}}},"s":{"0":1,"1":22,"2":22,"3":22,"4":22,"5":22,"6":22,"7":22,"8":22,"9":22,"10":22,"11":22,"12":22,"13":22,"14":22,"15":22,"16":22,"17":9,"18":9,"19":22,"20":22,"21":9,"22":9,"23":22,"24":22,"25":9,"26":9,"27":22,"28":22,"29":9,"30":9,"31":22,"32":22,"33":22,"34":2,"35":2,"36":22,"37":2,"38":2,"39":22,"40":2,"41":2,"42":22,"43":2,"44":2,"45":22,"46":22,"47":22,"48":1,"49":1,"50":22},"branchMap":{"0":{"type":"branch","line":1,"loc":{"start":{"line":1,"column":15},"end":{"line":51,"column":1}},"locations":[{"start":{"line":1,"column":15},"end":{"line":51,"column":1}}]},"1":{"type":"branch","line":8,"loc":{"start":{"line":8,"column":1},"end":{"line":15,"column":2}},"locations":[{"start":{"line":8,"column":1},"end":{"line":15,"column":2}}]},"2":{"type":"branch","line":17,"loc":{"start":{"line":17,"column":1},"end":{"line":19,"column":2}},"locations":[{"start":{"line":17,"column":1},"end":{"line":19,"column":2}}]},"3":{"type":"branch","line":21,"loc":{"start":{"line":21,"column":1},"end":{"line":23,"column":2}},"locations":[{"start":{"line":21,"column":1},"end":{"line":23,"column":2}}]},"4":{"type":"branch","line":25,"loc":{"start":{"line":25,"column":1},"end":{"line":27,"column":2}},"locations":[{"start":{"line":25,"column":1},"end":{"line":27,"column":2}}]},"5":{"type":"branch","line":29,"loc":{"start":{"line":29,"column":1},"end":{"line":31,"column":2}},"locations":[{"start":{"line":29,"column":1},"end":{"line":31,"column":2}}]},"6":{"type":"branch","line":33,"loc":{"start":{"line":33,"column":1},"end":{"line":46,"column":2}},"locations":[{"start":{"line":33,"column":1},"end":{"line":46,"column":2}}]},"7":{"type":"branch","line":34,"loc":{"start":{"line":34,"column":40},"end":{"line":36,"column":3}},"locations":[{"start":{"line":34,"column":40},"end":{"line":36,"column":3}}]},"8":{"type":"branch","line":36,"loc":{"start":{"line":36,"column":2},"end":{"line":37,"column":40}},"locations":[{"start":{"line":36,"column":2},"end":{"line":37,"column":40}}]},"9":{"type":"branch","line":37,"loc":{"start":{"line":37,"column":40},"end":{"line":39,"column":3}},"locations":[{"start":{"line":37,"column":40},"end":{"line":39,"column":3}}]},"10":{"type":"branch","line":39,"loc":{"start":{"line":39,"column":2},"end":{"line":40,"column":37}},"locations":[{"start":{"line":39,"column":2},"end":{"line":40,"column":37}}]},"11":{"type":"branch","line":40,"loc":{"start":{"line":40,"column":37},"end":{"line":42,"column":3}},"locations":[{"start":{"line":40,"column":37},"end":{"line":42,"column":3}}]},"12":{"type":"branch","line":42,"loc":{"start":{"line":42,"column":2},"end":{"line":43,"column":38}},"locations":[{"start":{"line":42,"column":2},"end":{"line":43,"column":38}}]},"13":{"type":"branch","line":43,"loc":{"start":{"line":43,"column":38},"end":{"line":45,"column":3}},"locations":[{"start":{"line":43,"column":38},"end":{"line":45,"column":3}}]},"14":{"type":"branch","line":48,"loc":{"start":{"line":48,"column":1},"end":{"line":50,"column":2}},"locations":[{"start":{"line":48,"column":1},"end":{"line":50,"column":2}}]}},"b":{"0":[22],"1":[22],"2":[9],"3":[9],"4":[9],"5":[9],"6":[22],"7":[2],"8":[20],"9":[2],"10":[18],"11":[2],"12":[16],"13":[2],"14":[1]},"fnMap":{"0":{"name":"<instance_members_initializer>","decl":{"start":{"line":1,"column":15},"end":{"line":51,"column":1}},"loc":{"start":{"line":1,"column":15},"end":{"line":51,"column":1}},"line":1},"1":{"name":"Address","decl":{"start":{"line":8,"column":1},"end":{"line":15,"column":2}},"loc":{"start":{"line":8,"column":1},"end":{"line":15,"column":2}},"line":8},"2":{"name":"get street","decl":{"start":{"line":17,"column":1},"end":{"line":19,"column":2}},"loc":{"start":{"line":17,"column":1},"end":{"line":19,"column":2}},"line":17},"3":{"name":"get number","decl":{"start":{"line":21,"column":1},"end":{"line":23,"column":2}},"loc":{"start":{"line":21,"column":1},"end":{"line":23,"column":2}},"line":21},"4":{"name":"get zip","decl":{"start":{"line":25,"column":1},"end":{"line":27,"column":2}},"loc":{"start":{"line":25,"column":1},"end":{"line":27,"column":2}},"line":25},"5":{"name":"get city","decl":{"start":{"line":29,"column":1},"end":{"line":31,"column":2}},"loc":{"start":{"line":29,"column":1},"end":{"line":31,"column":2}},"line":29},"6":{"name":"validate","decl":{"start":{"line":33,"column":1},"end":{"line":46,"column":2}},"loc":{"start":{"line":33,"column":1},"end":{"line":46,"column":2}},"line":33},"7":{"name":"toString","decl":{"start":{"line":48,"column":1},"end":{"line":50,"column":2}},"loc":{"start":{"line":48,"column":1},"end":{"line":50,"column":2}},"line":48}},"f":{"0":22,"1":22,"2":9,"3":9,"4":9,"5":9,"6":22,"7":1}}
,"/home/ubuntu/devops/03.fullcycle/08.ddd-modelagem-tatica-e-patterns/mvc-ddd-patterns/src/domain/entity/customer.ts": {"path":"/home/ubuntu/devops/03.fullcycle/08.ddd-modelagem-tatica-e-patterns/mvc-ddd-patterns/src/domain/entity/customer.ts","all":false,"statementMap":{"0":{"start":{"line":1,"column":0},"end":{"line":1,"column":32}},"1":{"start":{"line":2,"column":0},"end":{"line":2,"column":0}},"2":{"start":{"line":3,"column":0},"end":{"line":3,"column":31}},"3":{"start":{"line":4,"column":0},"end":{"line":4,"column":0}},"4":{"start":{"line":5,"column":0},"end":{"line":5,"column":21}},"5":{"start":{"line":6,"column":0},"end":{"line":6,"column":28}},"6":{"start":{"line":7,"column":0},"end":{"line":7,"column":32}},"7":{"start":{"line":8,"column":0},"end":{"line":8,"column":28}},"8":{"start":{"line":9,"column":0},"end":{"line":9,"column":34}},"9":{"start":{"line":10,"column":0},"end":{"line":10,"column":35}},"10":{"start":{"line":11,"column":0},"end":{"line":11,"column":0}},"11":{"start":{"line":12,"column":0},"end":{"line":12,"column":13}},"12":{"start":{"line":13,"column":0},"end":{"line":13,"column":13}},"13":{"start":{"line":14,"column":0},"end":{"line":14,"column":15}},"14":{"start":{"line":15,"column":0},"end":{"line":15,"column":19}},"15":{"start":{"line":16,"column":0},"end":{"line":16,"column":20}},"16":{"start":{"line":17,"column":0},"end":{"line":17,"column":26}},"17":{"start":{"line":18,"column":0},"end":{"line":18,"column":26}},"18":{"start":{"line":19,"column":0},"end":{"line":19,"column":4}},"19":{"start":{"line":20,"column":0},"end":{"line":20,"column":16}},"20":{"start":{"line":21,"column":0},"end":{"line":21,"column":20}},"21":{"start":{"line":22,"column":0},"end":{"line":22,"column":28}},"22":{"start":{"line":23,"column":0},"end":{"line":23,"column":26}},"23":{"start":{"line":24,"column":0},"end":{"line":24,"column":0}},"24":{"start":{"line":25,"column":0},"end":{"line":25,"column":24}},"25":{"start":{"line":26,"column":0},"end":{"line":26,"column":36}},"26":{"start":{"line":27,"column":0},"end":{"line":27,"column":0}},"27":{"start":{"line":28,"column":0},"end":{"line":28,"column":18}},"28":{"start":{"line":29,"column":0},"end":{"line":29,"column":2}},"29":{"start":{"line":30,"column":0},"end":{"line":30,"column":0}},"30":{"start":{"line":31,"column":0},"end":{"line":31,"column":19}},"31":{"start":{"line":32,"column":0},"end":{"line":32,"column":18}},"32":{"start":{"line":33,"column":0},"end":{"line":33,"column":2}},"33":{"start":{"line":34,"column":0},"end":{"line":34,"column":0}},"34":{"start":{"line":35,"column":0},"end":{"line":35,"column":21}},"35":{"start":{"line":36,"column":0},"end":{"line":36,"column":20}},"36":{"start":{"line":37,"column":0},"end":{"line":37,"column":2}},"37":{"start":{"line":38,"column":0},"end":{"line":38,"column":0}},"38":{"start":{"line":39,"column":0},"end":{"line":39,"column":24}},"39":{"start":{"line":40,"column":0},"end":{"line":40,"column":24}},"40":{"start":{"line":41,"column":0},"end":{"line":41,"column":2}},"41":{"start":{"line":42,"column":0},"end":{"line":42,"column":0}},"42":{"start":{"line":43,"column":0},"end":{"line":43,"column":37}},"43":{"start":{"line":44,"column":0},"end":{"line":44,"column":23}},"44":{"start":{"line":45,"column":0},"end":{"line":45,"column":2}},"45":{"start":{"line":46,"column":0},"end":{"line":46,"column":0}},"46":{"start":{"line":47,"column":0},"end":{"line":47,"column":29}},"47":{"start":{"line":48,"column":0},"end":{"line":48,"column":28}},"48":{"start":{"line":49,"column":0},"end":{"line":49,"column":2}},"49":{"start":{"line":50,"column":0},"end":{"line":50,"column":0}},"50":{"start":{"line":51,"column":0},"end":{"line":51,"column":22}},"51":{"start":{"line":52,"column":0},"end":{"line":52,"column":22}},"52":{"start":{"line":53,"column":0},"end":{"line":53,"column":2}},"53":{"start":{"line":54,"column":0},"end":{"line":54,"column":0}},"54":{"start":{"line":55,"column":0},"end":{"line":55,"column":19}},"55":{"start":{"line":56,"column":0},"end":{"line":56,"column":37}},"56":{"start":{"line":57,"column":0},"end":{"line":57,"column":47}},"57":{"start":{"line":58,"column":0},"end":{"line":58,"column":3}},"58":{"start":{"line":59,"column":0},"end":{"line":59,"column":39}},"59":{"start":{"line":60,"column":0},"end":{"line":60,"column":49}},"60":{"start":{"line":61,"column":0},"end":{"line":61,"column":3}},"61":{"start":{"line":62,"column":0},"end":{"line":62,"column":0}},"62":{"start":{"line":63,"column":0},"end":{"line":63,"column":43}},"63":{"start":{"line":64,"column":0},"end":{"line":64,"column":53}},"64":{"start":{"line":65,"column":0},"end":{"line":65,"column":3}},"65":{"start":{"line":66,"column":0},"end":{"line":66,"column":2}},"66":{"start":{"line":67,"column":0},"end":{"line":67,"column":0}},"67":{"start":{"line":68,"column":0},"end":{"line":68,"column":27}},"68":{"start":{"line":69,"column":0},"end":{"line":69,"column":20}},"69":{"start":{"line":70,"column":0},"end":{"line":70,"column":18}},"70":{"start":{"line":71,"column":0},"end":{"line":71,"column":2}},"71":{"start":{"line":72,"column":0},"end":{"line":72,"column":0}},"72":{"start":{"line":73,"column":0},"end":{"line":73,"column":34}},"73":{"start":{"line":74,"column":0},"end":{"line":74,"column":26}},"74":{"start":{"line":75,"column":0},"end":{"line":75,"column":2}},"75":{"start":{"line":76,"column":0},"end":{"line":76,"column":0}},"76":{"start":{"line":77,"column":0},"end":{"line":77,"column":13}},"77":{"start":{"line":78,"column":0},"end":{"line":78,"column":36}},"78":{"start":{"line":79,"column":0},"end":{"line":79,"column":66}},"79":{"start":{"line":80,"column":0},"end":{"line":80,"column":3}},"80":{"start":{"line":81,"column":0},"end":{"line":81,"column":22}},"81":{"start":{"line":82,"column":0},"end":{"line":82,"column":2}},"82":{"start":{"line":83,"column":0},"end":{"line":83,"column":0}},"83":{"start":{"line":84,"column":0},"end":{"line":84,"column":15}},"84":{"start":{"line":85,"column":0},"end":{"line":85,"column":23}},"85":{"start":{"line":86,"column":0},"end":{"line":86,"column":2}},"86":{"start":{"line":87,"column":0},"end":{"line":87,"column":0}},"87":{"start":{"line":88,"column":0},"end":{"line":88,"column":39}},"88":{"start":{"line":89,"column":0},"end":{"line":89,"column":18}},"89":{"start":{"line":90,"column":0},"end":{"line":90,"column":59}},"90":{"start":{"line":91,"column":0},"end":{"line":91,"column":3}},"91":{"start":{"line":92,"column":0},"end":{"line":92,"column":0}},"92":{"start":{"line":93,"column":0},"end":{"line":93,"column":31}},"93":{"start":{"line":94,"column":0},"end":{"line":94,"column":2}},"94":{"start":{"line":95,"column":0},"end":{"line":95,"column":0}},"95":{"start":{"line":96,"column":0},"end":{"line":96,"column":1}}},"s":{"0":1,"1":1,"2":1,"3":37,"4":37,"5":37,"6":37,"7":37,"8":37,"9":37,"10":37,"11":37,"12":37,"13":37,"14":37,"15":37,"16":37,"17":37,"18":37,"19":37,"20":37,"21":37,"22":37,"23":37,"24":37,"25":37,"26":37,"27":37,"28":37,"29":37,"30":37,"31":29,"32":29,"33":37,"34":37,"35":22,"36":22,"37":37,"38":37,"39":20,"40":20,"41":37,"42":37,"43":65,"44":65,"45":37,"46":37,"47":17,"48":17,"49":37,"50":37,"51":17,"52":17,"53":37,"54":37,"55":39,"56":2,"57":2,"58":39,"59":2,"60":2,"61":35,"62":39,"63":2,"64":2,"65":39,"66":37,"67":37,"68":2,"69":2,"70":2,"71":37,"72":37,"73":1,"74":1,"75":37,"76":37,"77":4,"78":1,"79":1,"80":3,"81":3,"82":37,"83":37,"84":1,"85":1,"86":37,"87":37,"88":5,"89":2,"90":2,"91":3,"92":3,"93":3,"94":37,"95":37},"branchMap":{"0":{"type":"branch","line":3,"loc":{"start":{"line":3,"column":15},"end":{"line":96,"column":1}},"locations":[{"start":{"line":3,"column":15},"end":{"line":96,"column":1}}]},"1":{"type":"branch","line":12,"loc":{"start":{"line":12,"column":1},"end":{"line":29,"column":2}},"locations":[{"start":{"line":12,"column":1},"end":{"line":29,"column":2}}]},"2":{"type":"branch","line":31,"loc":{"start":{"line":31,"column":1},"end":{"line":33,"column":2}},"locations":[{"start":{"line":31,"column":1},"end":{"line":33,"column":2}}]},"3":{"type":"branch","line":35,"loc":{"start":{"line":35,"column":1},"end":{"line":37,"column":2}},"locations":[{"start":{"line":35,"column":1},"end":{"line":37,"column":2}}]},"4":{"type":"branch","line":39,"loc":{"start":{"line":39,"column":1},"end":{"line":41,"column":2}},"locations":[{"start":{"line":39,"column":1},"end":{"line":41,"column":2}}]},"5":{"type":"branch","line":43,"loc":{"start":{"line":43,"column":1},"end":{"line":45,"column":2}},"locations":[{"start":{"line":43,"column":1},"end":{"line":45,"column":2}}]},"6":{"type":"branch","line":47,"loc":{"start":{"line":47,"column":1},"end":{"line":49,"column":2}},"locations":[{"start":{"line":47,"column":1},"end":{"line":49,"column":2}}]},"7":{"type":"branch","line":51,"loc":{"start":{"line":51,"column":1},"end":{"line":53,"column":2}},"locations":[{"start":{"line":51,"column":1},"end":{"line":53,"column":2}}]},"8":{"type":"branch","line":55,"loc":{"start":{"line":55,"column":1},"end":{"line":66,"column":2}},"locations":[{"start":{"line":55,"column":1},"end":{"line":66,"column":2}}]},"9":{"type":"branch","line":56,"loc":{"start":{"line":56,"column":36},"end":{"line":58,"column":3}},"locations":[{"start":{"line":56,"column":36},"end":{"line":58,"column":3}}]},"10":{"type":"branch","line":58,"loc":{"start":{"line":58,"column":2},"end":{"line":59,"column":38}},"locations":[{"start":{"line":58,"column":2},"end":{"line":59,"column":38}}]},"11":{"type":"branch","line":59,"loc":{"start":{"line":59,"column":38},"end":{"line":61,"column":3}},"locations":[{"start":{"line":59,"column":38},"end":{"line":61,"column":3}}]},"12":{"type":"branch","line":61,"loc":{"start":{"line":61,"column":2},"end":{"line":63,"column":42}},"locations":[{"start":{"line":61,"column":2},"end":{"line":63,"column":42}}]},"13":{"type":"branch","line":63,"loc":{"start":{"line":63,"column":42},"end":{"line":65,"column":3}},"locations":[{"start":{"line":63,"column":42},"end":{"line":65,"column":3}}]},"14":{"type":"branch","line":68,"loc":{"start":{"line":68,"column":1},"end":{"line":71,"column":2}},"locations":[{"start":{"line":68,"column":1},"end":{"line":71,"column":2}}]},"15":{"type":"branch","line":73,"loc":{"start":{"line":73,"column":1},"end":{"line":75,"column":2}},"locations":[{"start":{"line":73,"column":1},"end":{"line":75,"column":2}}]},"16":{"type":"branch","line":77,"loc":{"start":{"line":77,"column":1},"end":{"line":82,"column":2}},"locations":[{"start":{"line":77,"column":1},"end":{"line":82,"column":2}}]},"17":{"type":"branch","line":78,"loc":{"start":{"line":78,"column":35},"end":{"line":80,"column":3}},"locations":[{"start":{"line":78,"column":35},"end":{"line":80,"column":3}}]},"18":{"type":"branch","line":80,"loc":{"start":{"line":80,"column":2},"end":{"line":82,"column":2}},"locations":[{"start":{"line":80,"column":2},"end":{"line":82,"column":2}}]},"19":{"type":"branch","line":84,"loc":{"start":{"line":84,"column":1},"end":{"line":86,"column":2}},"locations":[{"start":{"line":84,"column":1},"end":{"line":86,"column":2}}]},"20":{"type":"branch","line":88,"loc":{"start":{"line":88,"column":1},"end":{"line":94,"column":2}},"locations":[{"start":{"line":88,"column":1},"end":{"line":94,"column":2}}]},"21":{"type":"branch","line":89,"loc":{"start":{"line":89,"column":17},"end":{"line":94,"column":2}},"locations":[{"start":{"line":89,"column":17},"end":{"line":94,"column":2}}]},"22":{"type":"branch","line":89,"loc":{"start":{"line":89,"column":17},"end":{"line":91,"column":3}},"locations":[{"start":{"line":89,"column":17},"end":{"line":91,"column":3}}]}},"b":{"0":[37],"1":[37],"2":[29],"3":[22],"4":[20],"5":[65],"6":[17],"7":[17],"8":[39],"9":[2],"10":[37],"11":[2],"12":[35],"13":[2],"14":[2],"15":[1],"16":[4],"17":[1],"18":[3],"19":[1],"20":[5],"21":[3],"22":[2]},"fnMap":{"0":{"name":"<instance_members_initializer>","decl":{"start":{"line":3,"column":15},"end":{"line":96,"column":1}},"loc":{"start":{"line":3,"column":15},"end":{"line":96,"column":1}},"line":3},"1":{"name":"Customer","decl":{"start":{"line":12,"column":1},"end":{"line":29,"column":2}},"loc":{"start":{"line":12,"column":1},"end":{"line":29,"column":2}},"line":12},"2":{"name":"get id","decl":{"start":{"line":31,"column":1},"end":{"line":33,"column":2}},"loc":{"start":{"line":31,"column":1},"end":{"line":33,"column":2}},"line":31},"3":{"name":"get name","decl":{"start":{"line":35,"column":1},"end":{"line":37,"column":2}},"loc":{"start":{"line":35,"column":1},"end":{"line":37,"column":2}},"line":35},"4":{"name":"get document","decl":{"start":{"line":39,"column":1},"end":{"line":41,"column":2}},"loc":{"start":{"line":39,"column":1},"end":{"line":41,"column":2}},"line":39},"5":{"name":"get Address","decl":{"start":{"line":43,"column":1},"end":{"line":45,"column":2}},"loc":{"start":{"line":43,"column":1},"end":{"line":45,"column":2}},"line":43},"6":{"name":"get rewardPoints","decl":{"start":{"line":47,"column":1},"end":{"line":49,"column":2}},"loc":{"start":{"line":47,"column":1},"end":{"line":49,"column":2}},"line":47},"7":{"name":"isActive","decl":{"start":{"line":51,"column":1},"end":{"line":53,"column":2}},"loc":{"start":{"line":51,"column":1},"end":{"line":53,"column":2}},"line":51},"8":{"name":"validate","decl":{"start":{"line":55,"column":1},"end":{"line":66,"column":2}},"loc":{"start":{"line":55,"column":1},"end":{"line":66,"column":2}},"line":55},"9":{"name":"changeName","decl":{"start":{"line":68,"column":1},"end":{"line":71,"column":2}},"loc":{"start":{"line":68,"column":1},"end":{"line":71,"column":2}},"line":68},"10":{"name":"changeAddress","decl":{"start":{"line":73,"column":1},"end":{"line":75,"column":2}},"loc":{"start":{"line":73,"column":1},"end":{"line":75,"column":2}},"line":73},"11":{"name":"activate","decl":{"start":{"line":77,"column":1},"end":{"line":82,"column":2}},"loc":{"start":{"line":77,"column":1},"end":{"line":82,"column":2}},"line":77},"12":{"name":"deactivate","decl":{"start":{"line":84,"column":1},"end":{"line":86,"column":2}},"loc":{"start":{"line":84,"column":1},"end":{"line":86,"column":2}},"line":84},"13":{"name":"addRewardPoints","decl":{"start":{"line":88,"column":1},"end":{"line":94,"column":2}},"loc":{"start":{"line":88,"column":1},"end":{"line":94,"column":2}},"line":88}},"f":{"0":37,"1":37,"2":29,"3":22,"4":20,"5":65,"6":17,"7":17,"8":39,"9":2,"10":1,"11":4,"12":1,"13":5}}
,"/home/ubuntu/devops/03.fullcycle/08.ddd-modelagem-tatica-e-patterns/mvc-ddd-patterns/src/domain/entity/order.ts": {"path":"/home/ubuntu/devops/03.fullcycle/08.ddd-modelagem-tatica-e-patterns/mvc-ddd-patterns/src/domain/entity/order.ts","all":false,"statementMap":{"0":{"start":{"line":1,"column":0},"end":{"line":1,"column":37}},"1":{"start":{"line":2,"column":0},"end":{"line":2,"column":0}},"2":{"start":{"line":3,"column":0},"end":{"line":3,"column":28}},"3":{"start":{"line":4,"column":0},"end":{"line":4,"column":21}},"4":{"start":{"line":5,"column":0},"end":{"line":5,"column":29}},"5":{"start":{"line":6,"column":0},"end":{"line":6,"column":29}},"6":{"start":{"line":7,"column":0},"end":{"line":7,"column":26}},"7":{"start":{"line":8,"column":0},"end":{"line":8,"column":0}},"8":{"start":{"line":9,"column":0},"end":{"line":9,"column":66}},"9":{"start":{"line":10,"column":0},"end":{"line":10,"column":16}},"10":{"start":{"line":11,"column":0},"end":{"line":11,"column":32}},"11":{"start":{"line":12,"column":0},"end":{"line":12,"column":22}},"12":{"start":{"line":13,"column":0},"end":{"line":13,"column":31}},"13":{"start":{"line":14,"column":0},"end":{"line":14,"column":18}},"14":{"start":{"line":15,"column":0},"end":{"line":15,"column":2}},"15":{"start":{"line":16,"column":0},"end":{"line":16,"column":0}},"16":{"start":{"line":17,"column":0},"end":{"line":17,"column":19}},"17":{"start":{"line":18,"column":0},"end":{"line":18,"column":18}},"18":{"start":{"line":19,"column":0},"end":{"line":19,"column":2}},"19":{"start":{"line":20,"column":0},"end":{"line":20,"column":0}},"20":{"start":{"line":21,"column":0},"end":{"line":21,"column":27}},"21":{"start":{"line":22,"column":0},"end":{"line":22,"column":26}},"22":{"start":{"line":23,"column":0},"end":{"line":23,"column":2}},"23":{"start":{"line":24,"column":0},"end":{"line":24,"column":0}},"24":{"start":{"line":25,"column":0},"end":{"line":25,"column":27}},"25":{"start":{"line":26,"column":0},"end":{"line":26,"column":21}},"26":{"start":{"line":27,"column":0},"end":{"line":27,"column":2}},"27":{"start":{"line":28,"column":0},"end":{"line":28,"column":0}},"28":{"start":{"line":29,"column":0},"end":{"line":29,"column":19}},"29":{"start":{"line":30,"column":0},"end":{"line":30,"column":37}},"30":{"start":{"line":31,"column":0},"end":{"line":31,"column":44}},"31":{"start":{"line":32,"column":0},"end":{"line":32,"column":3}},"32":{"start":{"line":33,"column":0},"end":{"line":33,"column":45}},"33":{"start":{"line":34,"column":0},"end":{"line":34,"column":52}},"34":{"start":{"line":35,"column":0},"end":{"line":35,"column":3}},"35":{"start":{"line":36,"column":0},"end":{"line":36,"column":33}},"36":{"start":{"line":37,"column":0},"end":{"line":37,"column":48}},"37":{"start":{"line":38,"column":0},"end":{"line":38,"column":3}},"38":{"start":{"line":39,"column":0},"end":{"line":39,"column":2}},"39":{"start":{"line":40,"column":0},"end":{"line":40,"column":0}},"40":{"start":{"line":41,"column":0},"end":{"line":41,"column":18}},"41":{"start":{"line":42,"column":0},"end":{"line":42,"column":66}},"42":{"start":{"line":43,"column":0},"end":{"line":43,"column":2}},"43":{"start":{"line":44,"column":0},"end":{"line":44,"column":0}},"44":{"start":{"line":45,"column":0},"end":{"line":45,"column":1}}},"s":{"0":1,"1":1,"2":1,"3":20,"4":20,"5":20,"6":20,"7":20,"8":20,"9":20,"10":20,"11":20,"12":20,"13":20,"14":20,"15":20,"16":20,"17":23,"18":23,"19":20,"20":20,"21":8,"22":8,"23":20,"24":20,"25":13,"26":13,"27":20,"28":20,"29":20,"30":2,"31":2,"32":20,"33":2,"34":2,"35":20,"36":1,"37":1,"38":20,"39":20,"40":20,"41":17,"42":17,"43":20,"44":20},"branchMap":{"0":{"type":"branch","line":3,"loc":{"start":{"line":3,"column":15},"end":{"line":45,"column":1}},"locations":[{"start":{"line":3,"column":15},"end":{"line":45,"column":1}}]},"1":{"type":"branch","line":9,"loc":{"start":{"line":9,"column":1},"end":{"line":15,"column":2}},"locations":[{"start":{"line":9,"column":1},"end":{"line":15,"column":2}}]},"2":{"type":"branch","line":17,"loc":{"start":{"line":17,"column":1},"end":{"line":19,"column":2}},"locations":[{"start":{"line":17,"column":1},"end":{"line":19,"column":2}}]},"3":{"type":"branch","line":21,"loc":{"start":{"line":21,"column":1},"end":{"line":23,"column":2}},"locations":[{"start":{"line":21,"column":1},"end":{"line":23,"column":2}}]},"4":{"type":"branch","line":25,"loc":{"start":{"line":25,"column":1},"end":{"line":27,"column":2}},"locations":[{"start":{"line":25,"column":1},"end":{"line":27,"column":2}}]},"5":{"type":"branch","line":29,"loc":{"start":{"line":29,"column":1},"end":{"line":39,"column":2}},"locations":[{"start":{"line":29,"column":1},"end":{"line":39,"column":2}}]},"6":{"type":"branch","line":30,"loc":{"start":{"line":30,"column":36},"end":{"line":32,"column":3}},"locations":[{"start":{"line":30,"column":36},"end":{"line":32,"column":3}}]},"7":{"type":"branch","line":32,"loc":{"start":{"line":32,"column":2},"end":{"line":33,"column":44}},"locations":[{"start":{"line":32,"column":2},"end":{"line":33,"column":44}}]},"8":{"type":"branch","line":33,"loc":{"start":{"line":33,"column":44},"end":{"line":35,"column":3}},"locations":[{"start":{"line":33,"column":44},"end":{"line":35,"column":3}}]},"9":{"type":"branch","line":35,"loc":{"start":{"line":35,"column":2},"end":{"line":36,"column":32}},"locations":[{"start":{"line":35,"column":2},"end":{"line":36,"column":32}}]},"10":{"type":"branch","line":36,"loc":{"start":{"line":36,"column":32},"end":{"line":38,"column":3}},"locations":[{"start":{"line":36,"column":32},"end":{"line":38,"column":3}}]},"11":{"type":"branch","line":41,"loc":{"start":{"line":41,"column":1},"end":{"line":43,"column":2}},"locations":[{"start":{"line":41,"column":1},"end":{"line":43,"column":2}}]},"12":{"type":"branch","line":42,"loc":{"start":{"line":42,"column":28},"end":{"line":42,"column":63}},"locations":[{"start":{"line":42,"column":28},"end":{"line":42,"column":63}}]}},"b":{"0":[20],"1":[20],"2":[23],"3":[8],"4":[13],"5":[20],"6":[2],"7":[18],"8":[2],"9":[16],"10":[1],"11":[17],"12":[21]},"fnMap":{"0":{"name":"<instance_members_initializer>","decl":{"start":{"line":3,"column":15},"end":{"line":45,"column":1}},"loc":{"start":{"line":3,"column":15},"end":{"line":45,"column":1}},"line":3},"1":{"name":"Order","decl":{"start":{"line":9,"column":1},"end":{"line":15,"column":2}},"loc":{"start":{"line":9,"column":1},"end":{"line":15,"column":2}},"line":9},"2":{"name":"get id","decl":{"start":{"line":17,"column":1},"end":{"line":19,"column":2}},"loc":{"start":{"line":17,"column":1},"end":{"line":19,"column":2}},"line":17},"3":{"name":"get customerId","decl":{"start":{"line":21,"column":1},"end":{"line":23,"column":2}},"loc":{"start":{"line":21,"column":1},"end":{"line":23,"column":2}},"line":21},"4":{"name":"get items","decl":{"start":{"line":25,"column":1},"end":{"line":27,"column":2}},"loc":{"start":{"line":25,"column":1},"end":{"line":27,"column":2}},"line":25},"5":{"name":"validate","decl":{"start":{"line":29,"column":1},"end":{"line":39,"column":2}},"loc":{"start":{"line":29,"column":1},"end":{"line":39,"column":2}},"line":29},"6":{"name":"total","decl":{"start":{"line":41,"column":1},"end":{"line":43,"column":2}},"loc":{"start":{"line":41,"column":1},"end":{"line":43,"column":2}},"line":41}},"f":{"0":20,"1":20,"2":23,"3":8,"4":13,"5":20,"6":17}}
,"/home/ubuntu/devops/03.fullcycle/08.ddd-modelagem-tatica-e-patterns/mvc-ddd-patterns/src/domain/entity/order_item.ts": {"path":"/home/ubuntu/devops/03.fullcycle/08.ddd-modelagem-tatica-e-patterns/mvc-ddd-patterns/src/domain/entity/order_item.ts","all":false,"statementMap":{"0":{"start":{"line":1,"column":0},"end":{"line":1,"column":32}},"1":{"start":{"line":2,"column":0},"end":{"line":2,"column":0}},"2":{"start":{"line":3,"column":0},"end":{"line":3,"column":21}},"3":{"start":{"line":4,"column":0},"end":{"line":4,"column":23}},"4":{"start":{"line":5,"column":0},"end":{"line":5,"column":24}},"5":{"start":{"line":6,"column":0},"end":{"line":6,"column":28}},"6":{"start":{"line":7,"column":0},"end":{"line":7,"column":27}},"7":{"start":{"line":8,"column":0},"end":{"line":8,"column":26}},"8":{"start":{"line":9,"column":0},"end":{"line":9,"column":0}},"9":{"start":{"line":10,"column":0},"end":{"line":10,"column":0}},"10":{"start":{"line":11,"column":0},"end":{"line":11,"column":13}},"11":{"start":{"line":12,"column":0},"end":{"line":12,"column":13}},"12":{"start":{"line":13,"column":0},"end":{"line":13,"column":15}},"13":{"start":{"line":14,"column":0},"end":{"line":14,"column":16}},"14":{"start":{"line":15,"column":0},"end":{"line":15,"column":20}},"15":{"start":{"line":16,"column":0},"end":{"line":16,"column":18}},"16":{"start":{"line":17,"column":0},"end":{"line":17,"column":4}},"17":{"start":{"line":18,"column":0},"end":{"line":18,"column":16}},"18":{"start":{"line":19,"column":0},"end":{"line":19,"column":20}},"19":{"start":{"line":20,"column":0},"end":{"line":20,"column":22}},"20":{"start":{"line":21,"column":0},"end":{"line":21,"column":30}},"21":{"start":{"line":22,"column":0},"end":{"line":22,"column":28}},"22":{"start":{"line":23,"column":0},"end":{"line":23,"column":0}},"23":{"start":{"line":24,"column":0},"end":{"line":24,"column":18}},"24":{"start":{"line":25,"column":0},"end":{"line":25,"column":0}},"25":{"start":{"line":26,"column":0},"end":{"line":26,"column":31}},"26":{"start":{"line":27,"column":0},"end":{"line":27,"column":2}},"27":{"start":{"line":28,"column":0},"end":{"line":28,"column":0}},"28":{"start":{"line":29,"column":0},"end":{"line":29,"column":19}},"29":{"start":{"line":30,"column":0},"end":{"line":30,"column":18}},"30":{"start":{"line":31,"column":0},"end":{"line":31,"column":2}},"31":{"start":{"line":32,"column":0},"end":{"line":32,"column":0}},"32":{"start":{"line":33,"column":0},"end":{"line":33,"column":21}},"33":{"start":{"line":34,"column":0},"end":{"line":34,"column":20}},"34":{"start":{"line":35,"column":0},"end":{"line":35,"column":2}},"35":{"start":{"line":36,"column":0},"end":{"line":36,"column":0}},"36":{"start":{"line":37,"column":0},"end":{"line":37,"column":22}},"37":{"start":{"line":38,"column":0},"end":{"line":38,"column":21}},"38":{"start":{"line":39,"column":0},"end":{"line":39,"column":2}},"39":{"start":{"line":40,"column":0},"end":{"line":40,"column":0}},"40":{"start":{"line":41,"column":0},"end":{"line":41,"column":26}},"41":{"start":{"line":42,"column":0},"end":{"line":42,"column":25}},"42":{"start":{"line":43,"column":0},"end":{"line":43,"column":2}},"43":{"start":{"line":44,"column":0},"end":{"line":44,"column":0}},"44":{"start":{"line":45,"column":0},"end":{"line":45,"column":25}},"45":{"start":{"line":46,"column":0},"end":{"line":46,"column":24}},"46":{"start":{"line":47,"column":0},"end":{"line":47,"column":2}},"47":{"start":{"line":48,"column":0},"end":{"line":48,"column":0}},"48":{"start":{"line":49,"column":0},"end":{"line":49,"column":19}},"49":{"start":{"line":50,"column":0},"end":{"line":50,"column":37}},"50":{"start":{"line":51,"column":0},"end":{"line":51,"column":48}},"51":{"start":{"line":52,"column":0},"end":{"line":52,"column":3}},"52":{"start":{"line":53,"column":0},"end":{"line":53,"column":39}},"53":{"start":{"line":54,"column":0},"end":{"line":54,"column":50}},"54":{"start":{"line":55,"column":0},"end":{"line":55,"column":3}},"55":{"start":{"line":56,"column":0},"end":{"line":56,"column":25}},"56":{"start":{"line":57,"column":0},"end":{"line":57,"column":62}},"57":{"start":{"line":58,"column":0},"end":{"line":58,"column":3}},"58":{"start":{"line":59,"column":0},"end":{"line":59,"column":44}},"59":{"start":{"line":60,"column":0},"end":{"line":60,"column":55}},"60":{"start":{"line":61,"column":0},"end":{"line":61,"column":3}},"61":{"start":{"line":62,"column":0},"end":{"line":62,"column":28}},"62":{"start":{"line":63,"column":0},"end":{"line":63,"column":65}},"63":{"start":{"line":64,"column":0},"end":{"line":64,"column":3}},"64":{"start":{"line":65,"column":0},"end":{"line":65,"column":2}},"65":{"start":{"line":66,"column":0},"end":{"line":66,"column":0}},"66":{"start":{"line":67,"column":0},"end":{"line":67,"column":18}},"67":{"start":{"line":68,"column":0},"end":{"line":68,"column":38}},"68":{"start":{"line":69,"column":0},"end":{"line":69,"column":2}},"69":{"start":{"line":70,"column":0},"end":{"line":70,"column":1}}},"s":{"0":1,"1":30,"2":30,"3":30,"4":30,"5":30,"6":30,"7":30,"8":30,"9":30,"10":30,"11":30,"12":30,"13":30,"14":30,"15":30,"16":30,"17":30,"18":30,"19":30,"20":30,"21":30,"22":30,"23":30,"24":30,"25":30,"26":30,"27":30,"28":30,"29":8,"30":8,"31":30,"32":30,"33":8,"34":8,"35":30,"36":30,"37":8,"38":8,"39":30,"40":30,"41":8,"42":8,"43":30,"44":30,"45":9,"46":9,"47":30,"48":30,"49":30,"50":2,"51":2,"52":30,"53":2,"54":2,"55":30,"56":2,"57":2,"58":30,"59":2,"60":2,"61":30,"62":2,"63":2,"64":30,"65":30,"66":30,"67":31,"68":31,"69":30},"branchMap":{"0":{"type":"branch","line":1,"loc":{"start":{"line":1,"column":15},"end":{"line":70,"column":1}},"locations":[{"start":{"line":1,"column":15},"end":{"line":70,"column":1}}]},"1":{"type":"branch","line":11,"loc":{"start":{"line":11,"column":1},"end":{"line":27,"column":2}},"locations":[{"start":{"line":11,"column":1},"end":{"line":27,"column":2}}]},"2":{"type":"branch","line":29,"loc":{"start":{"line":29,"column":1},"end":{"line":31,"column":2}},"locations":[{"start":{"line":29,"column":1},"end":{"line":31,"column":2}}]},"3":{"type":"branch","line":33,"loc":{"start":{"line":33,"column":1},"end":{"line":35,"column":2}},"locations":[{"start":{"line":33,"column":1},"end":{"line":35,"column":2}}]},"4":{"type":"branch","line":37,"loc":{"start":{"line":37,"column":1},"end":{"line":39,"column":2}},"locations":[{"start":{"line":37,"column":1},"end":{"line":39,"column":2}}]},"5":{"type":"branch","line":41,"loc":{"start":{"line":41,"column":1},"end":{"line":43,"column":2}},"locations":[{"start":{"line":41,"column":1},"end":{"line":43,"column":2}}]},"6":{"type":"branch","line":45,"loc":{"start":{"line":45,"column":1},"end":{"line":47,"column":2}},"locations":[{"start":{"line":45,"column":1},"end":{"line":47,"column":2}}]},"7":{"type":"branch","line":49,"loc":{"start":{"line":49,"column":1},"end":{"line":65,"column":2}},"locations":[{"start":{"line":49,"column":1},"end":{"line":65,"column":2}}]},"8":{"type":"branch","line":50,"loc":{"start":{"line":50,"column":36},"end":{"line":52,"column":3}},"locations":[{"start":{"line":50,"column":36},"end":{"line":52,"column":3}}]},"9":{"type":"branch","line":52,"loc":{"start":{"line":52,"column":2},"end":{"line":53,"column":38}},"locations":[{"start":{"line":52,"column":2},"end":{"line":53,"column":38}}]},"10":{"type":"branch","line":53,"loc":{"start":{"line":53,"column":38},"end":{"line":55,"column":3}},"locations":[{"start":{"line":53,"column":38},"end":{"line":55,"column":3}}]},"11":{"type":"branch","line":55,"loc":{"start":{"line":55,"column":2},"end":{"line":56,"column":24}},"locations":[{"start":{"line":55,"column":2},"end":{"line":56,"column":24}}]},"12":{"type":"branch","line":56,"loc":{"start":{"line":56,"column":24},"end":{"line":58,"column":3}},"locations":[{"start":{"line":56,"column":24},"end":{"line":58,"column":3}}]},"13":{"type":"branch","line":58,"loc":{"start":{"line":58,"column":2},"end":{"line":59,"column":43}},"locations":[{"start":{"line":58,"column":2},"end":{"line":59,"column":43}}]},"14":{"type":"branch","line":59,"loc":{"start":{"line":59,"column":43},"end":{"line":61,"column":3}},"locations":[{"start":{"line":59,"column":43},"end":{"line":61,"column":3}}]},"15":{"type":"branch","line":61,"loc":{"start":{"line":61,"column":2},"end":{"line":62,"column":27}},"locations":[{"start":{"line":61,"column":2},"end":{"line":62,"column":27}}]},"16":{"type":"branch","line":62,"loc":{"start":{"line":62,"column":27},"end":{"line":64,"column":3}},"locations":[{"start":{"line":62,"column":27},"end":{"line":64,"column":3}}]},"17":{"type":"branch","line":67,"loc":{"start":{"line":67,"column":1},"end":{"line":69,"column":2}},"locations":[{"start":{"line":67,"column":1},"end":{"line":69,"column":2}}]}},"b":{"0":[30],"1":[30],"2":[8],"3":[8],"4":[8],"5":[8],"6":[9],"7":[30],"8":[2],"9":[28],"10":[2],"11":[26],"12":[2],"13":[24],"14":[2],"15":[22],"16":[2],"17":[31]},"fnMap":{"0":{"name":"<instance_members_initializer>","decl":{"start":{"line":1,"column":15},"end":{"line":70,"column":1}},"loc":{"start":{"line":1,"column":15},"end":{"line":70,"column":1}},"line":1},"1":{"name":"OrderItem","decl":{"start":{"line":11,"column":1},"end":{"line":27,"column":2}},"loc":{"start":{"line":11,"column":1},"end":{"line":27,"column":2}},"line":11},"2":{"name":"get id","decl":{"start":{"line":29,"column":1},"end":{"line":31,"column":2}},"loc":{"start":{"line":29,"column":1},"end":{"line":31,"column":2}},"line":29},"3":{"name":"get name","decl":{"start":{"line":33,"column":1},"end":{"line":35,"column":2}},"loc":{"start":{"line":33,"column":1},"end":{"line":35,"column":2}},"line":33},"4":{"name":"get price","decl":{"start":{"line":37,"column":1},"end":{"line":39,"column":2}},"loc":{"start":{"line":37,"column":1},"end":{"line":39,"column":2}},"line":37},"5":{"name":"get productId","decl":{"start":{"line":41,"column":1},"end":{"line":43,"column":2}},"loc":{"start":{"line":41,"column":1},"end":{"line":43,"column":2}},"line":41},"6":{"name":"get quantity","decl":{"start":{"line":45,"column":1},"end":{"line":47,"column":2}},"loc":{"start":{"line":45,"column":1},"end":{"line":47,"column":2}},"line":45},"7":{"name":"validate","decl":{"start":{"line":49,"column":1},"end":{"line":65,"column":2}},"loc":{"start":{"line":49,"column":1},"end":{"line":65,"column":2}},"line":49},"8":{"name":"total","decl":{"start":{"line":67,"column":1},"end":{"line":69,"column":2}},"loc":{"start":{"line":67,"column":1},"end":{"line":69,"column":2}},"line":67}},"f":{"0":30,"1":30,"2":8,"3":8,"4":8,"5":8,"6":9,"7":30,"8":31}}
,"/home/ubuntu/devops/03.fullcycle/08.ddd-modelagem-tatica-e-patterns/mvc-ddd-patterns/src/domain/entity/product.ts": {"path":"/home/ubuntu/devops/03.fullcycle/08.ddd-modelagem-tatica-e-patterns/mvc-ddd-patterns/src/domain/entity/product.ts","all":false,"statementMap":{"0":{"start":{"line":1,"column":0},"end":{"line":1,"column":30}},"1":{"start":{"line":2,"column":0},"end":{"line":2,"column":22}},"2":{"start":{"line":3,"column":0},"end":{"line":3,"column":24}},"3":{"start":{"line":4,"column":0},"end":{"line":4,"column":25}},"4":{"start":{"line":5,"column":0},"end":{"line":5,"column":0}},"5":{"start":{"line":6,"column":0},"end":{"line":6,"column":56}},"6":{"start":{"line":7,"column":0},"end":{"line":7,"column":18}},"7":{"start":{"line":8,"column":0},"end":{"line":8,"column":22}},"8":{"start":{"line":9,"column":0},"end":{"line":9,"column":24}},"9":{"start":{"line":10,"column":0},"end":{"line":10,"column":20}},"10":{"start":{"line":11,"column":0},"end":{"line":11,"column":3}},"11":{"start":{"line":12,"column":0},"end":{"line":12,"column":0}},"12":{"start":{"line":13,"column":0},"end":{"line":13,"column":20}},"13":{"start":{"line":14,"column":0},"end":{"line":14,"column":20}},"14":{"start":{"line":15,"column":0},"end":{"line":15,"column":3}},"15":{"start":{"line":16,"column":0},"end":{"line":16,"column":2}},"16":{"start":{"line":17,"column":0},"end":{"line":17,"column":22}},"17":{"start":{"line":18,"column":0},"end":{"line":18,"column":22}},"18":{"start":{"line":19,"column":0},"end":{"line":19,"column":3}},"19":{"start":{"line":20,"column":0},"end":{"line":20,"column":0}},"20":{"start":{"line":21,"column":0},"end":{"line":21,"column":23}},"21":{"start":{"line":22,"column":0},"end":{"line":22,"column":23}},"22":{"start":{"line":23,"column":0},"end":{"line":23,"column":3}},"23":{"start":{"line":24,"column":0},"end":{"line":24,"column":0}},"24":{"start":{"line":25,"column":0},"end":{"line":25,"column":34}},"25":{"start":{"line":26,"column":0},"end":{"line":26,"column":22}},"26":{"start":{"line":27,"column":0},"end":{"line":27,"column":20}},"27":{"start":{"line":28,"column":0},"end":{"line":28,"column":3}},"28":{"start":{"line":29,"column":0},"end":{"line":29,"column":0}},"29":{"start":{"line":30,"column":0},"end":{"line":30,"column":36}},"30":{"start":{"line":31,"column":0},"end":{"line":31,"column":24}},"31":{"start":{"line":32,"column":0},"end":{"line":32,"column":20}},"32":{"start":{"line":33,"column":0},"end":{"line":33,"column":3}},"33":{"start":{"line":34,"column":0},"end":{"line":34,"column":0}},"34":{"start":{"line":35,"column":0},"end":{"line":35,"column":20}},"35":{"start":{"line":36,"column":0},"end":{"line":36,"column":39}},"36":{"start":{"line":37,"column":0},"end":{"line":37,"column":49}},"37":{"start":{"line":38,"column":0},"end":{"line":38,"column":5}},"38":{"start":{"line":39,"column":0},"end":{"line":39,"column":41}},"39":{"start":{"line":40,"column":0},"end":{"line":40,"column":51}},"40":{"start":{"line":41,"column":0},"end":{"line":41,"column":5}},"41":{"start":{"line":42,"column":0},"end":{"line":42,"column":27}},"42":{"start":{"line":43,"column":0},"end":{"line":43,"column":66}},"43":{"start":{"line":44,"column":0},"end":{"line":44,"column":5}},"44":{"start":{"line":45,"column":0},"end":{"line":45,"column":3}},"45":{"start":{"line":46,"column":0},"end":{"line":46,"column":1}}},"s":{"0":1,"1":33,"2":33,"3":33,"4":33,"5":33,"6":33,"7":33,"8":33,"9":33,"10":33,"11":33,"12":33,"13":28,"14":28,"15":33,"16":33,"17":28,"18":28,"19":33,"20":33,"21":38,"22":38,"23":33,"24":33,"25":2,"26":2,"27":2,"28":33,"29":33,"30":7,"31":7,"32":7,"33":33,"34":33,"35":42,"36":2,"37":2,"38":42,"39":2,"40":2,"41":42,"42":2,"43":2,"44":42,"45":33},"branchMap":{"0":{"type":"branch","line":1,"loc":{"start":{"line":1,"column":15},"end":{"line":46,"column":1}},"locations":[{"start":{"line":1,"column":15},"end":{"line":46,"column":1}}]},"1":{"type":"branch","line":6,"loc":{"start":{"line":6,"column":2},"end":{"line":11,"column":3}},"locations":[{"start":{"line":6,"column":2},"end":{"line":11,"column":3}}]},"2":{"type":"branch","line":13,"loc":{"start":{"line":13,"column":2},"end":{"line":15,"column":3}},"locations":[{"start":{"line":13,"column":2},"end":{"line":15,"column":3}}]},"3":{"type":"branch","line":17,"loc":{"start":{"line":17,"column":2},"end":{"line":19,"column":3}},"locations":[{"start":{"line":17,"column":2},"end":{"line":19,"column":3}}]},"4":{"type":"branch","line":21,"loc":{"start":{"line":21,"column":2},"end":{"line":23,"column":3}},"locations":[{"start":{"line":21,"column":2},"end":{"line":23,"column":3}}]},"5":{"type":"branch","line":25,"loc":{"start":{"line":25,"column":2},"end":{"line":28,"column":3}},"locations":[{"start":{"line":25,"column":2},"end":{"line":28,"column":3}}]},"6":{"type":"branch","line":30,"loc":{"start":{"line":30,"column":2},"end":{"line":33,"column":3}},"locations":[{"start":{"line":30,"column":2},"end":{"line":33,"column":3}}]},"7":{"type":"branch","line":35,"loc":{"start":{"line":35,"column":2},"end":{"line":45,"column":3}},"locations":[{"start":{"line":35,"column":2},"end":{"line":45,"column":3}}]},"8":{"type":"branch","line":36,"loc":{"start":{"line":36,"column":38},"end":{"line":38,"column":5}},"locations":[{"start":{"line":36,"column":38},"end":{"line":38,"column":5}}]},"9":{"type":"branch","line":38,"loc":{"start":{"line":38,"column":4},"end":{"line":39,"column":40}},"locations":[{"start":{"line":38,"column":4},"end":{"line":39,"column":40}}]},"10":{"type":"branch","line":39,"loc":{"start":{"line":39,"column":40},"end":{"line":41,"column":5}},"locations":[{"start":{"line":39,"column":40},"end":{"line":41,"column":5}}]},"11":{"type":"branch","line":41,"loc":{"start":{"line":41,"column":4},"end":{"line":42,"column":26}},"locations":[{"start":{"line":41,"column":4},"end":{"line":42,"column":26}}]},"12":{"type":"branch","line":42,"loc":{"start":{"line":42,"column":26},"end":{"line":44,"column":5}},"locations":[{"start":{"line":42,"column":26},"end":{"line":44,"column":5}}]}},"b":{"0":[33],"1":[33],"2":[28],"3":[28],"4":[38],"5":[2],"6":[7],"7":[42],"8":[2],"9":[40],"10":[2],"11":[38],"12":[2]},"fnMap":{"0":{"name":"<instance_members_initializer>","decl":{"start":{"line":1,"column":15},"end":{"line":46,"column":1}},"loc":{"start":{"line":1,"column":15},"end":{"line":46,"column":1}},"line":1},"1":{"name":"Product","decl":{"start":{"line":6,"column":2},"end":{"line":11,"column":3}},"loc":{"start":{"line":6,"column":2},"end":{"line":11,"column":3}},"line":6},"2":{"name":"get id","decl":{"start":{"line":13,"column":2},"end":{"line":15,"column":3}},"loc":{"start":{"line":13,"column":2},"end":{"line":15,"column":3}},"line":13},"3":{"name":"get name","decl":{"start":{"line":17,"column":2},"end":{"line":19,"column":3}},"loc":{"start":{"line":17,"column":2},"end":{"line":19,"column":3}},"line":17},"4":{"name":"get price","decl":{"start":{"line":21,"column":2},"end":{"line":23,"column":3}},"loc":{"start":{"line":21,"column":2},"end":{"line":23,"column":3}},"line":21},"5":{"name":"changeName","decl":{"start":{"line":25,"column":2},"end":{"line":28,"column":3}},"loc":{"start":{"line":25,"column":2},"end":{"line":28,"column":3}},"line":25},"6":{"name":"changePrice","decl":{"start":{"line":30,"column":2},"end":{"line":33,"column":3}},"loc":{"start":{"line":30,"column":2},"end":{"line":33,"column":3}},"line":30},"7":{"name":"validate","decl":{"start":{"line":35,"column":2},"end":{"line":45,"column":3}},"loc":{"start":{"line":35,"column":2},"end":{"line":45,"column":3}},"line":35}},"f":{"0":33,"1":33,"2":28,"3":28,"4":38,"5":2,"6":7,"7":42}}
,"/home/ubuntu/devops/03.fullcycle/08.ddd-modelagem-tatica-e-patterns/mvc-ddd-patterns/src/domain/service/order.service.ts": {"path":"/home/ubuntu/devops/03.fullcycle/08.ddd-modelagem-tatica-e-patterns/mvc-ddd-patterns/src/domain/service/order.service.ts","all":false,"statementMap":{"0":{"start":{"line":1,"column":0},"end":{"line":1,"column":42}},"1":{"start":{"line":2,"column":0},"end":{"line":2,"column":36}},"2":{"start":{"line":3,"column":0},"end":{"line":3,"column":45}},"3":{"start":{"line":4,"column":0},"end":{"line":4,"column":32}},"4":{"start":{"line":5,"column":0},"end":{"line":5,"column":0}},"5":{"start":{"line":6,"column":0},"end":{"line":6,"column":35}},"6":{"start":{"line":7,"column":0},"end":{"line":7,"column":4}},"7":{"start":{"line":8,"column":0},"end":{"line":8,"column":70}},"8":{"start":{"line":9,"column":0},"end":{"line":9,"column":31}},"9":{"start":{"line":10,"column":0},"end":{"line":10,"column":65}},"10":{"start":{"line":11,"column":0},"end":{"line":11,"column":9}},"11":{"start":{"line":12,"column":0},"end":{"line":12,"column":60}},"12":{"start":{"line":13,"column":0},"end":{"line":13,"column":64}},"13":{"start":{"line":14,"column":0},"end":{"line":14,"column":21}},"14":{"start":{"line":15,"column":0},"end":{"line":15,"column":5}},"15":{"start":{"line":16,"column":0},"end":{"line":16,"column":4}},"16":{"start":{"line":17,"column":0},"end":{"line":17,"column":43}},"17":{"start":{"line":18,"column":0},"end":{"line":18,"column":69}},"18":{"start":{"line":19,"column":0},"end":{"line":19,"column":5}},"19":{"start":{"line":20,"column":0},"end":{"line":20,"column":1}}},"s":{"0":1,"1":1,"2":1,"3":1,"4":1,"5":1,"6":1,"7":1,"8":2,"9":1,"10":1,"11":1,"12":1,"13":1,"14":1,"15":1,"16":1,"17":1,"18":1,"19":1},"branchMap":{"0":{"type":"branch","line":8,"loc":{"start":{"line":8,"column":11},"end":{"line":15,"column":5}},"locations":[{"start":{"line":8,"column":11},"end":{"line":15,"column":5}}]},"1":{"type":"branch","line":9,"loc":{"start":{"line":9,"column":30},"end":{"line":15,"column":5}},"locations":[{"start":{"line":9,"column":30},"end":{"line":15,"column":5}}]},"2":{"type":"branch","line":17,"loc":{"start":{"line":17,"column":11},"end":{"line":19,"column":5}},"locations":[{"start":{"line":17,"column":11},"end":{"line":19,"column":5}}]},"3":{"type":"branch","line":18,"loc":{"start":{"line":18,"column":29},"end":{"line":18,"column":66}},"locations":[{"start":{"line":18,"column":29},"end":{"line":18,"column":66}}]}},"b":{"0":[2],"1":[1],"2":[1],"3":[2]},"fnMap":{"0":{"name":"placeOrder","decl":{"start":{"line":8,"column":11},"end":{"line":15,"column":5}},"loc":{"start":{"line":8,"column":11},"end":{"line":15,"column":5}},"line":8},"1":{"name":"total","decl":{"start":{"line":17,"column":11},"end":{"line":19,"column":5}},"loc":{"start":{"line":17,"column":11},"end":{"line":19,"column":5}},"line":17}},"f":{"0":2,"1":1}}
,"/home/ubuntu/devops/03.fullcycle/08.ddd-modelagem-tatica-e-patterns/mvc-ddd-patterns/src/domain/service/product.service.ts": {"path":"/home/ubuntu/devops/03.fullcycle/08.ddd-modelagem-tatica-e-patterns/mvc-ddd-patterns/src/domain/service/product.service.ts","all":false,"statementMap":{"0":{"start":{"line":1,"column":0},"end":{"line":1,"column":40}},"1":{"start":{"line":2,"column":0},"end":{"line":2,"column":0}},"2":{"start":{"line":3,"column":0},"end":{"line":3,"column":36}},"3":{"start":{"line":4,"column":0},"end":{"line":4,"column":0}},"4":{"start":{"line":5,"column":0},"end":{"line":5,"column":77}},"5":{"start":{"line":6,"column":0},"end":{"line":6,"column":28}},"6":{"start":{"line":7,"column":0},"end":{"line":7,"column":80}},"7":{"start":{"line":8,"column":0},"end":{"line":8,"column":9}},"8":{"start":{"line":9,"column":0},"end":{"line":9,"column":0}},"9":{"start":{"line":10,"column":0},"end":{"line":10,"column":49}},"10":{"start":{"line":11,"column":0},"end":{"line":11,"column":69}},"11":{"start":{"line":12,"column":0},"end":{"line":12,"column":9}},"12":{"start":{"line":13,"column":0},"end":{"line":13,"column":37}},"13":{"start":{"line":14,"column":0},"end":{"line":14,"column":53}},"14":{"start":{"line":15,"column":0},"end":{"line":15,"column":118}},"15":{"start":{"line":16,"column":0},"end":{"line":16,"column":42}},"16":{"start":{"line":17,"column":0},"end":{"line":17,"column":11}},"17":{"start":{"line":18,"column":0},"end":{"line":18,"column":24}},"18":{"start":{"line":19,"column":0},"end":{"line":19,"column":5}},"19":{"start":{"line":20,"column":0},"end":{"line":20,"column":0}},"20":{"start":{"line":21,"column":0},"end":{"line":21,"column":1}}},"s":{"0":1,"1":1,"2":1,"3":1,"4":1,"5":6,"6":2,"7":2,"8":4,"9":6,"10":1,"11":1,"12":3,"13":5,"14":5,"15":5,"16":5,"17":3,"18":3,"19":1,"20":1},"branchMap":{"0":{"type":"branch","line":5,"loc":{"start":{"line":5,"column":11},"end":{"line":19,"column":5}},"locations":[{"start":{"line":5,"column":11},"end":{"line":19,"column":5}}]},"1":{"type":"branch","line":6,"loc":{"start":{"line":6,"column":27},"end":{"line":8,"column":9}},"locations":[{"start":{"line":6,"column":27},"end":{"line":8,"column":9}}]},"2":{"type":"branch","line":8,"loc":{"start":{"line":8,"column":8},"end":{"line":10,"column":48}},"locations":[{"start":{"line":8,"column":8},"end":{"line":10,"column":48}}]},"3":{"type":"branch","line":10,"loc":{"start":{"line":10,"column":48},"end":{"line":12,"column":9}},"locations":[{"start":{"line":10,"column":48},"end":{"line":12,"column":9}}]},"4":{"type":"branch","line":12,"loc":{"start":{"line":12,"column":8},"end":{"line":19,"column":5}},"locations":[{"start":{"line":12,"column":8},"end":{"line":19,"column":5}}]},"5":{"type":"branch","line":13,"loc":{"start":{"line":13,"column":25},"end":{"line":17,"column":11}},"locations":[{"start":{"line":13,"column":25},"end":{"line":17,"column":11}}]}},"b":{"0":[6],"1":[2],"2":[4],"3":[1],"4":[3],"5":[5]},"fnMap":{"0":{"name":"increasePrice","decl":{"start":{"line":5,"column":11},"end":{"line":19,"column":5}},"loc":{"start":{"line":5,"column":11},"end":{"line":19,"column":5}},"line":5}},"f":{"0":6}}
,"/home/ubuntu/devops/03.fullcycle/08.ddd-modelagem-tatica-e-patterns/mvc-ddd-patterns/src/infrastructure/database/sequelize/model/customer.model.ts": {"path":"/home/ubuntu/devops/03.fullcycle/08.ddd-modelagem-tatica-e-patterns/mvc-ddd-patterns/src/infrastructure/database/sequelize/model/customer.model.ts","all":false,"statementMap":{"0":{"start":{"line":1,"column":0},"end":{"line":1,"column":72}},"1":{"start":{"line":2,"column":0},"end":{"line":2,"column":0}},"2":{"start":{"line":3,"column":0},"end":{"line":3,"column":8}},"3":{"start":{"line":4,"column":0},"end":{"line":4,"column":27}},"4":{"start":{"line":5,"column":0},"end":{"line":5,"column":20}},"5":{"start":{"line":6,"column":0},"end":{"line":6,"column":2}},"6":{"start":{"line":7,"column":0},"end":{"line":7,"column":49}},"7":{"start":{"line":8,"column":0},"end":{"line":8,"column":4}},"8":{"start":{"line":9,"column":0},"end":{"line":9,"column":15}},"9":{"start":{"line":10,"column":0},"end":{"line":10,"column":11}},"10":{"start":{"line":11,"column":0},"end":{"line":11,"column":23}},"11":{"start":{"line":12,"column":0},"end":{"line":12,"column":0}},"12":{"start":{"line":13,"column":0},"end":{"line":13,"column":31}},"13":{"start":{"line":14,"column":0},"end":{"line":14,"column":25}},"14":{"start":{"line":15,"column":0},"end":{"line":15,"column":0}},"15":{"start":{"line":16,"column":0},"end":{"line":16,"column":45}},"16":{"start":{"line":17,"column":0},"end":{"line":17,"column":29}},"17":{"start":{"line":18,"column":0},"end":{"line":18,"column":0}},"18":{"start":{"line":19,"column":0},"end":{"line":19,"column":30}},"19":{"start":{"line":20,"column":0},"end":{"line":20,"column":28}},"20":{"start":{"line":21,"column":0},"end":{"line":21,"column":0}},"21":{"start":{"line":22,"column":0},"end":{"line":22,"column":30}},"22":{"start":{"line":23,"column":0},"end":{"line":23,"column":33}},"23":{"start":{"line":24,"column":0},"end":{"line":24,"column":0}},"24":{"start":{"line":25,"column":0},"end":{"line":25,"column":21}},"25":{"start":{"line":26,"column":0},"end":{"line":26,"column":30}},"26":{"start":{"line":27,"column":0},"end":{"line":27,"column":27}},"27":{"start":{"line":28,"column":0},"end":{"line":28,"column":0}},"28":{"start":{"line":29,"column":0},"end":{"line":29,"column":30}},"29":{"start":{"line":30,"column":0},"end":{"line":30,"column":27}},"30":{"start":{"line":31,"column":0},"end":{"line":31,"column":0}},"31":{"start":{"line":32,"column":0},"end":{"line":32,"column":30}},"32":{"start":{"line":33,"column":0},"end":{"line":33,"column":28}},"33":{"start":{"line":34,"column":0},"end":{"line":34,"column":0}},"34":{"start":{"line":35,"column":0},"end":{"line":35,"column":30}},"35":{"start":{"line":36,"column":0},"end":{"line":36,"column":25}},"36":{"start":{"line":37,"column":0},"end":{"line":37,"column":16}},"37":{"start":{"line":38,"column":0},"end":{"line":38,"column":1}}},"s":{"0":1,"1":1,"2":1,"3":1,"4":1,"5":1,"6":1,"7":1,"8":1,"9":1,"10":1,"11":1,"12":1,"13":1,"14":1,"15":1,"16":1,"17":1,"18":1,"19":1,"20":1,"21":1,"22":1,"23":1,"24":1,"25":1,"26":1,"27":1,"28":1,"29":1,"30":1,"31":1,"32":1,"33":1,"34":1,"35":1,"36":1,"37":1},"branchMap":{},"b":{},"fnMap":{},"f":{}}
,"/home/ubuntu/devops/03.fullcycle/08.ddd-modelagem-tatica-e-patterns/mvc-ddd-patterns/src/infrastructure/database/sequelize/model/order.model.ts": {"path":"/home/ubuntu/devops/03.fullcycle/08.ddd-modelagem-tatica-e-patterns/mvc-ddd-patterns/src/infrastructure/database/sequelize/model/order.model.ts","all":false,"statementMap":{"0":{"start":{"line":1,"column":0},"end":{"line":1,"column":104}},"1":{"start":{"line":2,"column":0},"end":{"line":2,"column":45}},"2":{"start":{"line":3,"column":0},"end":{"line":3,"column":48}},"3":{"start":{"line":4,"column":0},"end":{"line":4,"column":0}},"4":{"start":{"line":5,"column":0},"end":{"line":5,"column":8}},"5":{"start":{"line":6,"column":0},"end":{"line":6,"column":24}},"6":{"start":{"line":7,"column":0},"end":{"line":7,"column":20}},"7":{"start":{"line":8,"column":0},"end":{"line":8,"column":2}},"8":{"start":{"line":9,"column":0},"end":{"line":9,"column":46}},"9":{"start":{"line":10,"column":0},"end":{"line":10,"column":4}},"10":{"start":{"line":11,"column":0},"end":{"line":11,"column":15}},"11":{"start":{"line":12,"column":0},"end":{"line":12,"column":11}},"12":{"start":{"line":13,"column":0},"end":{"line":13,"column":23}},"13":{"start":{"line":14,"column":0},"end":{"line":14,"column":0}},"14":{"start":{"line":15,"column":0},"end":{"line":15,"column":36}},"15":{"start":{"line":16,"column":0},"end":{"line":16,"column":31}},"16":{"start":{"line":17,"column":0},"end":{"line":17,"column":32}},"17":{"start":{"line":18,"column":0},"end":{"line":18,"column":0}},"18":{"start":{"line":19,"column":0},"end":{"line":19,"column":35}},"19":{"start":{"line":20,"column":0},"end":{"line":20,"column":36}},"20":{"start":{"line":21,"column":0},"end":{"line":21,"column":0}},"21":{"start":{"line":22,"column":0},"end":{"line":22,"column":34}},"22":{"start":{"line":23,"column":0},"end":{"line":23,"column":36}},"23":{"start":{"line":24,"column":0},"end":{"line":24,"column":0}},"24":{"start":{"line":25,"column":0},"end":{"line":25,"column":31}},"25":{"start":{"line":26,"column":0},"end":{"line":26,"column":26}},"26":{"start":{"line":27,"column":0},"end":{"line":27,"column":1}}},"s":{"0":1,"1":1,"2":1,"3":1,"4":1,"5":1,"6":1,"7":1,"8":1,"9":1,"10":1,"11":1,"12":1,"13":1,"14":1,"15":1,"16":1,"17":1,"18":1,"19":1,"20":1,"21":1,"22":1,"23":1,"24":1,"25":1,"26":1},"branchMap":{"0":{"type":"branch","line":15,"loc":{"start":{"line":15,"column":22},"end":{"line":15,"column":35}},"locations":[{"start":{"line":15,"column":22},"end":{"line":15,"column":35}}]},"1":{"type":"branch","line":19,"loc":{"start":{"line":19,"column":21},"end":{"line":19,"column":34}},"locations":[{"start":{"line":19,"column":21},"end":{"line":19,"column":34}}]},"2":{"type":"branch","line":22,"loc":{"start":{"line":22,"column":19},"end":{"line":22,"column":33}},"locations":[{"start":{"line":22,"column":19},"end":{"line":22,"column":33}}]}},"b":{"0":[5],"1":[14],"2":[14]},"fnMap":{},"f":{}}
,"/home/ubuntu/devops/03.fullcycle/08.ddd-modelagem-tatica-e-patterns/mvc-ddd-patterns/src/infrastructure/database/sequelize/model/order_item.model.ts": {"path":"/home/ubuntu/devops/03.fullcycle/08.ddd-modelagem-tatica-e-patterns/mvc-ddd-patterns/src/infrastructure/database/sequelize/model/order_item.model.ts","all":false,"statementMap":{"0":{"start":{"line":1,"column":0},"end":{"line":1,"column":95}},"1":{"start":{"line":2,"column":0},"end":{"line":2,"column":43}},"2":{"start":{"line":3,"column":0},"end":{"line":3,"column":39}},"3":{"start":{"line":4,"column":0},"end":{"line":4,"column":0}},"4":{"start":{"line":5,"column":0},"end":{"line":5,"column":8}},"5":{"start":{"line":6,"column":0},"end":{"line":6,"column":29}},"6":{"start":{"line":7,"column":0},"end":{"line":7,"column":20}},"7":{"start":{"line":8,"column":0},"end":{"line":8,"column":2}},"8":{"start":{"line":9,"column":0},"end":{"line":9,"column":50}},"9":{"start":{"line":10,"column":0},"end":{"line":10,"column":4}},"10":{"start":{"line":11,"column":0},"end":{"line":11,"column":15}},"11":{"start":{"line":12,"column":0},"end":{"line":12,"column":11}},"12":{"start":{"line":13,"column":0},"end":{"line":13,"column":23}},"13":{"start":{"line":14,"column":0},"end":{"line":14,"column":0}},"14":{"start":{"line":15,"column":0},"end":{"line":15,"column":35}},"15":{"start":{"line":16,"column":0},"end":{"line":16,"column":31}},"16":{"start":{"line":17,"column":0},"end":{"line":17,"column":31}},"17":{"start":{"line":18,"column":0},"end":{"line":18,"column":0}},"18":{"start":{"line":19,"column":0},"end":{"line":19,"column":34}},"19":{"start":{"line":20,"column":0},"end":{"line":20,"column":34}},"20":{"start":{"line":21,"column":0},"end":{"line":21,"column":0}},"21":{"start":{"line":22,"column":0},"end":{"line":22,"column":33}},"22":{"start":{"line":23,"column":0},"end":{"line":23,"column":31}},"23":{"start":{"line":24,"column":0},"end":{"line":24,"column":29}},"24":{"start":{"line":25,"column":0},"end":{"line":25,"column":0}},"25":{"start":{"line":26,"column":0},"end":{"line":26,"column":35}},"26":{"start":{"line":27,"column":0},"end":{"line":27,"column":33}},"27":{"start":{"line":28,"column":0},"end":{"line":28,"column":0}},"28":{"start":{"line":29,"column":0},"end":{"line":29,"column":31}},"29":{"start":{"line":30,"column":0},"end":{"line":30,"column":25}},"30":{"start":{"line":31,"column":0},"end":{"line":31,"column":4}},"31":{"start":{"line":32,"column":0},"end":{"line":32,"column":31}},"32":{"start":{"line":33,"column":0},"end":{"line":33,"column":29}},"33":{"start":{"line":34,"column":0},"end":{"line":34,"column":0}},"34":{"start":{"line":35,"column":0},"end":{"line":35,"column":31}},"35":{"start":{"line":36,"column":0},"end":{"line":36,"column":26}},"36":{"start":{"line":37,"column":0},"end":{"line":37,"column":0}},"37":{"start":{"line":38,"column":0},"end":{"line":38,"column":31}},"38":{"start":{"line":39,"column":0},"end":{"line":39,"column":26}},"39":{"start":{"line":40,"column":0},"end":{"line":40,"column":4}},"40":{"start":{"line":41,"column":0},"end":{"line":41,"column":1}}},"s":{"0":1,"1":1,"2":1,"3":1,"4":1,"5":1,"6":1,"7":1,"8":1,"9":1,"10":1,"11":1,"12":1,"13":1,"14":1,"15":1,"16":1,"17":1,"18":1,"19":1,"20":1,"21":1,"22":1,"23":1,"24":1,"25":1,"26":1,"27":1,"28":1,"29":1,"30":1,"31":1,"32":1,"33":1,"34":1,"35":1,"36":1,"37":1,"38":1,"39":1,"40":1},"branchMap":{"0":{"type":"branch","line":15,"loc":{"start":{"line":15,"column":22},"end":{"line":15,"column":34}},"locations":[{"start":{"line":15,"column":22},"end":{"line":15,"column":34}}]},"1":{"type":"branch","line":19,"loc":{"start":{"line":19,"column":21},"end":{"line":19,"column":33}},"locations":[{"start":{"line":19,"column":21},"end":{"line":19,"column":33}}]},"2":{"type":"branch","line":22,"loc":{"start":{"line":22,"column":22},"end":{"line":22,"column":32}},"locations":[{"start":{"line":22,"column":22},"end":{"line":22,"column":32}}]}},"b":{"0":[15],"1":[10],"2":[5]},"fnMap":{},"f":{}}
,"/home/ubuntu/devops/03.fullcycle/08.ddd-modelagem-tatica-e-patterns/mvc-ddd-patterns/src/infrastructure/database/sequelize/model/product.model.ts": {"path":"/home/ubuntu/devops/03.fullcycle/08.ddd-modelagem-tatica-e-patterns/mvc-ddd-patterns/src/infrastructure/database/sequelize/model/product.model.ts","all":false,"statementMap":{"0":{"start":{"line":1,"column":0},"end":{"line":1,"column":72}},"1":{"start":{"line":2,"column":0},"end":{"line":2,"column":0}},"2":{"start":{"line":3,"column":0},"end":{"line":3,"column":8}},"3":{"start":{"line":4,"column":0},"end":{"line":4,"column":26}},"4":{"start":{"line":5,"column":0},"end":{"line":5,"column":20}},"5":{"start":{"line":6,"column":0},"end":{"line":6,"column":2}},"6":{"start":{"line":7,"column":0},"end":{"line":7,"column":48}},"7":{"start":{"line":8,"column":0},"end":{"line":8,"column":4}},"8":{"start":{"line":9,"column":0},"end":{"line":9,"column":15}},"9":{"start":{"line":10,"column":0},"end":{"line":10,"column":11}},"10":{"start":{"line":11,"column":0},"end":{"line":11,"column":23}},"11":{"start":{"line":12,"column":0},"end":{"line":12,"column":0}},"12":{"start":{"line":13,"column":0},"end":{"line":13,"column":31}},"13":{"start":{"line":14,"column":0},"end":{"line":14,"column":25}},"14":{"start":{"line":15,"column":0},"end":{"line":15,"column":0}},"15":{"start":{"line":16,"column":0},"end":{"line":16,"column":31}},"16":{"start":{"line":17,"column":0},"end":{"line":17,"column":26}},"17":{"start":{"line":18,"column":0},"end":{"line":18,"column":1}}},"s":{"0":1,"1":1,"2":1,"3":1,"4":1,"5":1,"6":1,"7":1,"8":1,"9":1,"10":1,"11":1,"12":1,"13":1,"14":1,"15":1,"16":1,"17":1},"branchMap":{},"b":{},"fnMap":{},"f":{}}
,"/home/ubuntu/devops/03.fullcycle/08.ddd-modelagem-tatica-e-patterns/mvc-ddd-patterns/src/infrastructure/repository/customer.repository.sequelize.ts": {"path":"/home/ubuntu/devops/03.fullcycle/08.ddd-modelagem-tatica-e-patterns/mvc-ddd-patterns/src/infrastructure/repository/customer.repository.sequelize.ts","all":false,"statementMap":{"0":{"start":{"line":1,"column":0},"end":{"line":1,"column":50}},"1":{"start":{"line":2,"column":0},"end":{"line":2,"column":52}},"2":{"start":{"line":3,"column":0},"end":{"line":3,"column":88}},"3":{"start":{"line":4,"column":0},"end":{"line":4,"column":71}},"4":{"start":{"line":5,"column":0},"end":{"line":5,"column":0}},"5":{"start":{"line":6,"column":0},"end":{"line":6,"column":80}},"6":{"start":{"line":7,"column":0},"end":{"line":7,"column":4}},"7":{"start":{"line":8,"column":0},"end":{"line":8,"column":51}},"8":{"start":{"line":9,"column":0},"end":{"line":9,"column":69}},"9":{"start":{"line":10,"column":0},"end":{"line":10,"column":5}},"10":{"start":{"line":11,"column":0},"end":{"line":11,"column":0}},"11":{"start":{"line":12,"column":0},"end":{"line":12,"column":51}},"12":{"start":{"line":13,"column":0},"end":{"line":13,"column":71}},"13":{"start":{"line":14,"column":0},"end":{"line":14,"column":73}},"14":{"start":{"line":15,"column":0},"end":{"line":15,"column":5}},"15":{"start":{"line":16,"column":0},"end":{"line":16,"column":0}},"16":{"start":{"line":17,"column":0},"end":{"line":17,"column":51}},"17":{"start":{"line":18,"column":0},"end":{"line":18,"column":63}},"18":{"start":{"line":19,"column":0},"end":{"line":19,"column":34}},"19":{"start":{"line":20,"column":0},"end":{"line":20,"column":50}},"20":{"start":{"line":21,"column":0},"end":{"line":21,"column":9}},"21":{"start":{"line":22,"column":0},"end":{"line":22,"column":0}},"22":{"start":{"line":23,"column":0},"end":{"line":23,"column":51}},"23":{"start":{"line":24,"column":0},"end":{"line":24,"column":5}},"24":{"start":{"line":25,"column":0},"end":{"line":25,"column":4}},"25":{"start":{"line":26,"column":0},"end":{"line":26,"column":42}},"26":{"start":{"line":27,"column":0},"end":{"line":27,"column":64}},"27":{"start":{"line":28,"column":0},"end":{"line":28,"column":41}},"28":{"start":{"line":29,"column":0},"end":{"line":29,"column":45}},"29":{"start":{"line":30,"column":0},"end":{"line":30,"column":50}},"30":{"start":{"line":31,"column":0},"end":{"line":31,"column":9}},"31":{"start":{"line":32,"column":0},"end":{"line":32,"column":8}},"32":{"start":{"line":33,"column":0},"end":{"line":33,"column":53}},"33":{"start":{"line":34,"column":0},"end":{"line":34,"column":58}},"34":{"start":{"line":35,"column":0},"end":{"line":35,"column":105}},"35":{"start":{"line":36,"column":0},"end":{"line":36,"column":31}},"36":{"start":{"line":37,"column":0},"end":{"line":37,"column":67}},"37":{"start":{"line":38,"column":0},"end":{"line":38,"column":11}},"38":{"start":{"line":39,"column":0},"end":{"line":39,"column":0}},"39":{"start":{"line":40,"column":0},"end":{"line":40,"column":28}},"40":{"start":{"line":41,"column":0},"end":{"line":41,"column":0}},"41":{"start":{"line":42,"column":0},"end":{"line":42,"column":5}},"42":{"start":{"line":43,"column":0},"end":{"line":43,"column":0}},"43":{"start":{"line":44,"column":0},"end":{"line":44,"column":59}},"44":{"start":{"line":45,"column":0},"end":{"line":45,"column":68}},"45":{"start":{"line":46,"column":0},"end":{"line":46,"column":127}},"46":{"start":{"line":47,"column":0},"end":{"line":47,"column":72}},"47":{"start":{"line":48,"column":0},"end":{"line":48,"column":38}},"48":{"start":{"line":49,"column":0},"end":{"line":49,"column":26}},"49":{"start":{"line":50,"column":0},"end":{"line":50,"column":37}},"50":{"start":{"line":51,"column":0},"end":{"line":51,"column":37}},"51":{"start":{"line":52,"column":0},"end":{"line":52,"column":38}},"52":{"start":{"line":53,"column":0},"end":{"line":53,"column":34}},"53":{"start":{"line":54,"column":0},"end":{"line":54,"column":13}},"54":{"start":{"line":55,"column":0},"end":{"line":55,"column":24}},"55":{"start":{"line":56,"column":0},"end":{"line":56,"column":0}},"56":{"start":{"line":57,"column":0},"end":{"line":57,"column":38}},"57":{"start":{"line":58,"column":0},"end":{"line":58,"column":29}},"58":{"start":{"line":59,"column":0},"end":{"line":59,"column":31}},"59":{"start":{"line":60,"column":0},"end":{"line":60,"column":35}},"60":{"start":{"line":61,"column":0},"end":{"line":61,"column":20}},"61":{"start":{"line":62,"column":0},"end":{"line":62,"column":33}},"62":{"start":{"line":63,"column":0},"end":{"line":63,"column":38}},"63":{"start":{"line":64,"column":0},"end":{"line":64,"column":10}},"64":{"start":{"line":65,"column":0},"end":{"line":65,"column":8}},"65":{"start":{"line":66,"column":0},"end":{"line":66,"column":24}},"66":{"start":{"line":67,"column":0},"end":{"line":67,"column":5}},"67":{"start":{"line":68,"column":0},"end":{"line":68,"column":0}},"68":{"start":{"line":69,"column":0},"end":{"line":69,"column":56}},"69":{"start":{"line":70,"column":0},"end":{"line":70,"column":16}},"70":{"start":{"line":71,"column":0},"end":{"line":71,"column":26}},"71":{"start":{"line":72,"column":0},"end":{"line":72,"column":30}},"72":{"start":{"line":73,"column":0},"end":{"line":73,"column":38}},"73":{"start":{"line":74,"column":0},"end":{"line":74,"column":38}},"74":{"start":{"line":75,"column":0},"end":{"line":75,"column":46}},"75":{"start":{"line":76,"column":0},"end":{"line":76,"column":20}},"76":{"start":{"line":77,"column":0},"end":{"line":77,"column":43}},"77":{"start":{"line":78,"column":0},"end":{"line":78,"column":43}},"78":{"start":{"line":79,"column":0},"end":{"line":79,"column":41}},"79":{"start":{"line":80,"column":0},"end":{"line":80,"column":38}},"80":{"start":{"line":81,"column":0},"end":{"line":81,"column":15}},"81":{"start":{"line":82,"column":0},"end":{"line":82,"column":10}},"82":{"start":{"line":83,"column":0},"end":{"line":83,"column":5}},"83":{"start":{"line":84,"column":0},"end":{"line":84,"column":0}},"84":{"start":{"line":85,"column":0},"end":{"line":85,"column":1}}},"s":{"0":1,"1":1,"2":1,"3":1,"4":1,"5":1,"6":1,"7":1,"8":12,"9":12,"10":1,"11":1,"12":1,"13":1,"14":1,"15":1,"16":1,"17":5,"18":5,"19":1,"20":1,"21":4,"22":4,"23":4,"24":1,"25":1,"26":2,"27":2,"28":2,"29":1,"30":1,"31":1,"32":1,"33":1,"34":1,"35":1,"36":5,"37":5,"38":1,"39":1,"40":1,"41":1,"42":1,"43":1,"44":9,"45":9,"46":9,"47":9,"48":3,"49":3,"50":3,"51":3,"52":3,"53":6,"54":6,"55":9,"56":9,"57":9,"58":9,"59":9,"60":9,"61":9,"62":9,"63":9,"64":9,"65":9,"66":9,"67":1,"68":1,"69":13,"70":13,"71":13,"72":13,"73":13,"74":13,"75":13,"76":13,"77":13,"78":13,"79":13,"80":13,"81":13,"82":13,"83":1,"84":1},"branchMap":{"0":{"type":"branch","line":8,"loc":{"start":{"line":8,"column":4},"end":{"line":10,"column":5}},"locations":[{"start":{"line":8,"column":4},"end":{"line":10,"column":5}}]},"1":{"type":"branch","line":12,"loc":{"start":{"line":12,"column":4},"end":{"line":15,"column":5}},"locations":[{"start":{"line":12,"column":4},"end":{"line":15,"column":5}}]},"2":{"type":"branch","line":17,"loc":{"start":{"line":17,"column":4},"end":{"line":24,"column":5}},"locations":[{"start":{"line":17,"column":4},"end":{"line":24,"column":5}}]},"3":{"type":"branch","line":19,"loc":{"start":{"line":19,"column":33},"end":{"line":21,"column":9}},"locations":[{"start":{"line":19,"column":33},"end":{"line":21,"column":9}}]},"4":{"type":"branch","line":21,"loc":{"start":{"line":21,"column":8},"end":{"line":24,"column":5}},"locations":[{"start":{"line":21,"column":8},"end":{"line":24,"column":5}}]},"5":{"type":"branch","line":26,"loc":{"start":{"line":26,"column":4},"end":{"line":42,"column":5}},"locations":[{"start":{"line":26,"column":4},"end":{"line":42,"column":5}}]},"6":{"type":"branch","line":29,"loc":{"start":{"line":29,"column":44},"end":{"line":42,"column":5}},"locations":[{"start":{"line":29,"column":44},"end":{"line":42,"column":5}}]},"7":{"type":"branch","line":36,"loc":{"start":{"line":36,"column":13},"end":{"line":38,"column":11}},"locations":[{"start":{"line":36,"column":13},"end":{"line":38,"column":11}}]},"8":{"type":"branch","line":44,"loc":{"start":{"line":44,"column":12},"end":{"line":67,"column":5}},"locations":[{"start":{"line":44,"column":12},"end":{"line":67,"column":5}}]},"9":{"type":"branch","line":46,"loc":{"start":{"line":46,"column":46},"end":{"line":46,"column":81}},"locations":[{"start":{"line":46,"column":46},"end":{"line":46,"column":81}}]},"10":{"type":"branch","line":46,"loc":{"start":{"line":46,"column":71},"end":{"line":46,"column":107}},"locations":[{"start":{"line":46,"column":71},"end":{"line":46,"column":107}}]},"11":{"type":"branch","line":46,"loc":{"start":{"line":46,"column":96},"end":{"line":46,"column":127}},"locations":[{"start":{"line":46,"column":96},"end":{"line":46,"column":127}}]},"12":{"type":"branch","line":48,"loc":{"start":{"line":48,"column":24},"end":{"line":53,"column":34}},"locations":[{"start":{"line":48,"column":24},"end":{"line":53,"column":34}}]},"13":{"type":"branch","line":54,"loc":{"start":{"line":54,"column":-1},"end":{"line":55,"column":24}},"locations":[{"start":{"line":54,"column":-1},"end":{"line":55,"column":24}}]},"14":{"type":"branch","line":69,"loc":{"start":{"line":69,"column":12},"end":{"line":83,"column":5}},"locations":[{"start":{"line":69,"column":12},"end":{"line":83,"column":5}}]},"15":{"type":"branch","line":77,"loc":{"start":{"line":77,"column":34},"end":{"line":77,"column":43}},"locations":[{"start":{"line":77,"column":34},"end":{"line":77,"column":43}}]},"16":{"type":"branch","line":78,"loc":{"start":{"line":78,"column":34},"end":{"line":78,"column":43}},"locations":[{"start":{"line":78,"column":34},"end":{"line":78,"column":43}}]},"17":{"type":"branch","line":79,"loc":{"start":{"line":79,"column":35},"end":{"line":79,"column":41}},"locations":[{"start":{"line":79,"column":35},"end":{"line":79,"column":41}}]},"18":{"type":"branch","line":80,"loc":{"start":{"line":80,"column":32},"end":{"line":80,"column":38}},"locations":[{"start":{"line":80,"column":32},"end":{"line":80,"column":38}}]}},"b":{"0":[12],"1":[1],"2":[5],"3":[1],"4":[4],"5":[2],"6":[1],"7":[5],"8":[9],"9":[3],"10":[3],"11":[3],"12":[3],"13":[6],"14":[13],"15":[6],"16":[6],"17":[6],"18":[6]},"fnMap":{"0":{"name":"create","decl":{"start":{"line":8,"column":4},"end":{"line":10,"column":5}},"loc":{"start":{"line":8,"column":4},"end":{"line":10,"column":5}},"line":8},"1":{"name":"update","decl":{"start":{"line":12,"column":4},"end":{"line":15,"column":5}},"loc":{"start":{"line":12,"column":4},"end":{"line":15,"column":5}},"line":12},"2":{"name":"findById","decl":{"start":{"line":17,"column":4},"end":{"line":24,"column":5}},"loc":{"start":{"line":17,"column":4},"end":{"line":24,"column":5}},"line":17},"3":{"name":"findAll","decl":{"start":{"line":26,"column":4},"end":{"line":42,"column":5}},"loc":{"start":{"line":26,"column":4},"end":{"line":42,"column":5}},"line":26},"4":{"name":"customerBuilder","decl":{"start":{"line":44,"column":12},"end":{"line":67,"column":5}},"loc":{"start":{"line":44,"column":12},"end":{"line":67,"column":5}},"line":44},"5":{"name":"toPersistenceObject","decl":{"start":{"line":69,"column":12},"end":{"line":83,"column":5}},"loc":{"start":{"line":69,"column":12},"end":{"line":83,"column":5}},"line":69}},"f":{"0":12,"1":1,"2":5,"3":2,"4":9,"5":13}}
,"/home/ubuntu/devops/03.fullcycle/08.ddd-modelagem-tatica-e-patterns/mvc-ddd-patterns/src/infrastructure/repository/order.repository.sequelize.ts": {"path":"/home/ubuntu/devops/03.fullcycle/08.ddd-modelagem-tatica-e-patterns/mvc-ddd-patterns/src/infrastructure/repository/order.repository.sequelize.ts","all":false,"statementMap":{"0":{"start":{"line":1,"column":0},"end":{"line":1,"column":46}},"1":{"start":{"line":2,"column":0},"end":{"line":2,"column":55}},"2":{"start":{"line":3,"column":0},"end":{"line":3,"column":82}},"3":{"start":{"line":4,"column":0},"end":{"line":4,"column":65}},"4":{"start":{"line":5,"column":0},"end":{"line":5,"column":74}},"5":{"start":{"line":6,"column":0},"end":{"line":6,"column":0}},"6":{"start":{"line":7,"column":0},"end":{"line":7,"column":74}},"7":{"start":{"line":8,"column":0},"end":{"line":8,"column":4}},"8":{"start":{"line":9,"column":0},"end":{"line":9,"column":48}},"9":{"start":{"line":10,"column":0},"end":{"line":10,"column":104}},"10":{"start":{"line":11,"column":0},"end":{"line":11,"column":5}},"11":{"start":{"line":12,"column":0},"end":{"line":12,"column":0}},"12":{"start":{"line":13,"column":0},"end":{"line":13,"column":48}},"13":{"start":{"line":14,"column":0},"end":{"line":14,"column":67}},"14":{"start":{"line":15,"column":0},"end":{"line":15,"column":63}},"15":{"start":{"line":16,"column":0},"end":{"line":16,"column":0}},"16":{"start":{"line":17,"column":0},"end":{"line":17,"column":40}},"17":{"start":{"line":18,"column":0},"end":{"line":18,"column":63}},"18":{"start":{"line":19,"column":0},"end":{"line":19,"column":0}},"19":{"start":{"line":20,"column":0},"end":{"line":20,"column":49}},"20":{"start":{"line":21,"column":0},"end":{"line":21,"column":66}},"21":{"start":{"line":22,"column":0},"end":{"line":22,"column":95}},"22":{"start":{"line":23,"column":0},"end":{"line":23,"column":5}},"23":{"start":{"line":24,"column":0},"end":{"line":24,"column":0}},"24":{"start":{"line":25,"column":0},"end":{"line":25,"column":48}},"25":{"start":{"line":26,"column":0},"end":{"line":26,"column":79}},"26":{"start":{"line":27,"column":0},"end":{"line":27,"column":31}},"27":{"start":{"line":28,"column":0},"end":{"line":28,"column":47}},"28":{"start":{"line":29,"column":0},"end":{"line":29,"column":9}},"29":{"start":{"line":30,"column":0},"end":{"line":30,"column":0}},"30":{"start":{"line":31,"column":0},"end":{"line":31,"column":45}},"31":{"start":{"line":32,"column":0},"end":{"line":32,"column":5}},"32":{"start":{"line":33,"column":0},"end":{"line":33,"column":4}},"33":{"start":{"line":34,"column":0},"end":{"line":34,"column":39}},"34":{"start":{"line":35,"column":0},"end":{"line":35,"column":73}},"35":{"start":{"line":36,"column":0},"end":{"line":36,"column":41}},"36":{"start":{"line":37,"column":0},"end":{"line":37,"column":37}},"37":{"start":{"line":38,"column":0},"end":{"line":38,"column":47}},"38":{"start":{"line":39,"column":0},"end":{"line":39,"column":9}},"39":{"start":{"line":40,"column":0},"end":{"line":40,"column":8}},"40":{"start":{"line":41,"column":0},"end":{"line":41,"column":53}},"41":{"start":{"line":42,"column":0},"end":{"line":42,"column":44}},"42":{"start":{"line":43,"column":0},"end":{"line":43,"column":105}},"43":{"start":{"line":44,"column":0},"end":{"line":44,"column":28}},"44":{"start":{"line":45,"column":0},"end":{"line":45,"column":58}},"45":{"start":{"line":46,"column":0},"end":{"line":46,"column":11}},"46":{"start":{"line":47,"column":0},"end":{"line":47,"column":0}},"47":{"start":{"line":48,"column":0},"end":{"line":48,"column":25}},"48":{"start":{"line":49,"column":0},"end":{"line":49,"column":0}},"49":{"start":{"line":50,"column":0},"end":{"line":50,"column":5}},"50":{"start":{"line":51,"column":0},"end":{"line":51,"column":0}},"51":{"start":{"line":52,"column":0},"end":{"line":52,"column":57}},"52":{"start":{"line":53,"column":0},"end":{"line":53,"column":32}},"53":{"start":{"line":54,"column":0},"end":{"line":54,"column":26}},"54":{"start":{"line":55,"column":0},"end":{"line":55,"column":35}},"55":{"start":{"line":56,"column":0},"end":{"line":56,"column":111}},"56":{"start":{"line":57,"column":0},"end":{"line":57,"column":10}},"57":{"start":{"line":58,"column":0},"end":{"line":58,"column":8}},"58":{"start":{"line":59,"column":0},"end":{"line":59,"column":21}},"59":{"start":{"line":60,"column":0},"end":{"line":60,"column":5}},"60":{"start":{"line":61,"column":0},"end":{"line":61,"column":0}},"61":{"start":{"line":62,"column":0},"end":{"line":62,"column":73}},"62":{"start":{"line":63,"column":0},"end":{"line":63,"column":35}},"63":{"start":{"line":64,"column":0},"end":{"line":64,"column":30}},"64":{"start":{"line":65,"column":0},"end":{"line":65,"column":32}},"65":{"start":{"line":66,"column":0},"end":{"line":66,"column":33}},"66":{"start":{"line":67,"column":0},"end":{"line":67,"column":38}},"67":{"start":{"line":68,"column":0},"end":{"line":68,"column":35}},"68":{"start":{"line":69,"column":0},"end":{"line":69,"column":10}},"69":{"start":{"line":70,"column":0},"end":{"line":70,"column":8}},"70":{"start":{"line":71,"column":0},"end":{"line":71,"column":20}},"71":{"start":{"line":72,"column":0},"end":{"line":72,"column":5}},"72":{"start":{"line":73,"column":0},"end":{"line":73,"column":0}},"73":{"start":{"line":74,"column":0},"end":{"line":74,"column":53}},"74":{"start":{"line":75,"column":0},"end":{"line":75,"column":16}},"75":{"start":{"line":76,"column":0},"end":{"line":76,"column":26}},"76":{"start":{"line":77,"column":0},"end":{"line":77,"column":43}},"77":{"start":{"line":78,"column":0},"end":{"line":78,"column":48}},"78":{"start":{"line":79,"column":0},"end":{"line":79,"column":28}},"79":{"start":{"line":80,"column":0},"end":{"line":80,"column":36}},"80":{"start":{"line":81,"column":0},"end":{"line":81,"column":43}},"81":{"start":{"line":82,"column":0},"end":{"line":82,"column":32}},"82":{"start":{"line":83,"column":0},"end":{"line":83,"column":40}},"83":{"start":{"line":84,"column":0},"end":{"line":84,"column":34}},"84":{"start":{"line":85,"column":0},"end":{"line":85,"column":35}},"85":{"start":{"line":86,"column":0},"end":{"line":86,"column":16}},"86":{"start":{"line":87,"column":0},"end":{"line":87,"column":33}},"87":{"start":{"line":88,"column":0},"end":{"line":88,"column":10}},"88":{"start":{"line":89,"column":0},"end":{"line":89,"column":5}},"89":{"start":{"line":90,"column":0},"end":{"line":90,"column":0}},"90":{"start":{"line":91,"column":0},"end":{"line":91,"column":0}},"91":{"start":{"line":92,"column":0},"end":{"line":92,"column":1}}},"s":{"0":1,"1":1,"2":1,"3":1,"4":1,"5":1,"6":1,"7":1,"8":1,"9":4,"10":4,"11":1,"12":1,"13":1,"14":1,"15":1,"16":1,"17":1,"18":1,"19":1,"20":1,"21":1,"22":1,"23":1,"24":1,"25":4,"26":4,"27":1,"28":1,"29":3,"30":3,"31":3,"32":1,"33":1,"34":2,"35":2,"36":2,"37":1,"38":1,"39":1,"40":1,"41":1,"42":1,"43":1,"44":2,"45":2,"46":1,"47":1,"48":1,"49":1,"50":1,"51":1,"52":5,"53":5,"54":5,"55":5,"56":5,"57":5,"58":5,"59":5,"60":1,"61":1,"62":5,"63":5,"64":5,"65":5,"66":5,"67":5,"68":5,"69":5,"70":5,"71":5,"72":1,"73":1,"74":5,"75":5,"76":5,"77":5,"78":5,"79":5,"80":5,"81":5,"82":5,"83":5,"84":5,"85":5,"86":5,"87":5,"88":5,"89":1,"90":1,"91":1},"branchMap":{"0":{"type":"branch","line":9,"loc":{"start":{"line":9,"column":4},"end":{"line":11,"column":5}},"locations":[{"start":{"line":9,"column":4},"end":{"line":11,"column":5}}]},"1":{"type":"branch","line":13,"loc":{"start":{"line":13,"column":4},"end":{"line":23,"column":5}},"locations":[{"start":{"line":13,"column":4},"end":{"line":23,"column":5}}]},"2":{"type":"branch","line":22,"loc":{"start":{"line":22,"column":50},"end":{"line":22,"column":95}},"locations":[{"start":{"line":22,"column":50},"end":{"line":22,"column":95}}]},"3":{"type":"branch","line":25,"loc":{"start":{"line":25,"column":4},"end":{"line":32,"column":5}},"locations":[{"start":{"line":25,"column":4},"end":{"line":32,"column":5}}]},"4":{"type":"branch","line":27,"loc":{"start":{"line":27,"column":30},"end":{"line":29,"column":9}},"locations":[{"start":{"line":27,"column":30},"end":{"line":29,"column":9}}]},"5":{"type":"branch","line":29,"loc":{"start":{"line":29,"column":8},"end":{"line":32,"column":5}},"locations":[{"start":{"line":29,"column":8},"end":{"line":32,"column":5}}]},"6":{"type":"branch","line":34,"loc":{"start":{"line":34,"column":4},"end":{"line":50,"column":5}},"locations":[{"start":{"line":34,"column":4},"end":{"line":50,"column":5}}]},"7":{"type":"branch","line":37,"loc":{"start":{"line":37,"column":36},"end":{"line":50,"column":5}},"locations":[{"start":{"line":37,"column":36},"end":{"line":50,"column":5}}]},"8":{"type":"branch","line":44,"loc":{"start":{"line":44,"column":13},"end":{"line":46,"column":11}},"locations":[{"start":{"line":44,"column":13},"end":{"line":46,"column":11}}]},"9":{"type":"branch","line":52,"loc":{"start":{"line":52,"column":12},"end":{"line":60,"column":5}},"locations":[{"start":{"line":52,"column":12},"end":{"line":60,"column":5}}]},"10":{"type":"branch","line":56,"loc":{"start":{"line":56,"column":33},"end":{"line":56,"column":111}},"locations":[{"start":{"line":56,"column":33},"end":{"line":56,"column":111}}]},"11":{"type":"branch","line":62,"loc":{"start":{"line":62,"column":12},"end":{"line":72,"column":5}},"locations":[{"start":{"line":62,"column":12},"end":{"line":72,"column":5}}]},"12":{"type":"branch","line":74,"loc":{"start":{"line":74,"column":12},"end":{"line":89,"column":5}},"locations":[{"start":{"line":74,"column":12},"end":{"line":89,"column":5}}]},"13":{"type":"branch","line":78,"loc":{"start":{"line":78,"column":36},"end":{"line":86,"column":16}},"locations":[{"start":{"line":78,"column":36},"end":{"line":86,"column":16}}]}},"b":{"0":[4],"1":[1],"2":[1],"3":[4],"4":[1],"5":[3],"6":[2],"7":[1],"8":[2],"9":[5],"10":[5],"11":[5],"12":[5],"13":[5]},"fnMap":{"0":{"name":"create","decl":{"start":{"line":9,"column":4},"end":{"line":11,"column":5}},"loc":{"start":{"line":9,"column":4},"end":{"line":11,"column":5}},"line":9},"1":{"name":"update","decl":{"start":{"line":13,"column":4},"end":{"line":23,"column":5}},"loc":{"start":{"line":13,"column":4},"end":{"line":23,"column":5}},"line":13},"2":{"name":"findById","decl":{"start":{"line":25,"column":4},"end":{"line":32,"column":5}},"loc":{"start":{"line":25,"column":4},"end":{"line":32,"column":5}},"line":25},"3":{"name":"findAll","decl":{"start":{"line":34,"column":4},"end":{"line":50,"column":5}},"loc":{"start":{"line":34,"column":4},"end":{"line":50,"column":5}},"line":34},"4":{"name":"orderBuilder","decl":{"start":{"line":52,"column":12},"end":{"line":60,"column":5}},"loc":{"start":{"line":52,"column":12},"end":{"line":60,"column":5}},"line":52},"5":{"name":"orderItemBuilder","decl":{"start":{"line":62,"column":12},"end":{"line":72,"column":5}},"loc":{"start":{"line":62,"column":12},"end":{"line":72,"column":5}},"line":62},"6":{"name":"toPersistenceObject","decl":{"start":{"line":74,"column":12},"end":{"line":89,"column":5}},"loc":{"start":{"line":74,"column":12},"end":{"line":89,"column":5}},"line":74}},"f":{"0":4,"1":1,"2":4,"3":2,"4":5,"5":5,"6":5}}
,"/home/ubuntu/devops/03.fullcycle/08.ddd-modelagem-tatica-e-patterns/mvc-ddd-patterns/src/infrastructure/repository/product.repository.sequelize.ts": {"path":"/home/ubuntu/devops/03.fullcycle/08.ddd-modelagem-tatica-e-patterns/mvc-ddd-patterns/src/infrastructure/repository/product.repository.sequelize.ts","all":false,"statementMap":{"0":{"start":{"line":1,"column":0},"end":{"line":1,"column":50}},"1":{"start":{"line":2,"column":0},"end":{"line":2,"column":86}},"2":{"start":{"line":3,"column":0},"end":{"line":3,"column":69}},"3":{"start":{"line":4,"column":0},"end":{"line":4,"column":0}},"4":{"start":{"line":5,"column":0},"end":{"line":5,"column":78}},"5":{"start":{"line":6,"column":0},"end":{"line":6,"column":4}},"6":{"start":{"line":7,"column":0},"end":{"line":7,"column":50}},"7":{"start":{"line":8,"column":0},"end":{"line":8,"column":68}},"8":{"start":{"line":9,"column":0},"end":{"line":9,"column":5}},"9":{"start":{"line":10,"column":0},"end":{"line":10,"column":50}},"10":{"start":{"line":11,"column":0},"end":{"line":11,"column":71}},"11":{"start":{"line":12,"column":0},"end":{"line":12,"column":72}},"12":{"start":{"line":13,"column":0},"end":{"line":13,"column":5}},"13":{"start":{"line":14,"column":0},"end":{"line":14,"column":0}},"14":{"start":{"line":15,"column":0},"end":{"line":15,"column":50}},"15":{"start":{"line":16,"column":0},"end":{"line":16,"column":61}},"16":{"start":{"line":17,"column":0},"end":{"line":17,"column":33}},"17":{"start":{"line":18,"column":0},"end":{"line":18,"column":49}},"18":{"start":{"line":19,"column":0},"end":{"line":19,"column":9}},"19":{"start":{"line":20,"column":0},"end":{"line":20,"column":27}},"20":{"start":{"line":21,"column":0},"end":{"line":21,"column":29}},"21":{"start":{"line":22,"column":0},"end":{"line":22,"column":31}},"22":{"start":{"line":23,"column":0},"end":{"line":23,"column":31}},"23":{"start":{"line":24,"column":0},"end":{"line":24,"column":9}},"24":{"start":{"line":25,"column":0},"end":{"line":25,"column":5}},"25":{"start":{"line":26,"column":0},"end":{"line":26,"column":4}},"26":{"start":{"line":27,"column":0},"end":{"line":27,"column":41}},"27":{"start":{"line":28,"column":0},"end":{"line":28,"column":63}},"28":{"start":{"line":29,"column":0},"end":{"line":29,"column":8}},"29":{"start":{"line":30,"column":0},"end":{"line":30,"column":51}},"30":{"start":{"line":31,"column":0},"end":{"line":31,"column":79}},"31":{"start":{"line":32,"column":0},"end":{"line":32,"column":20}},"32":{"start":{"line":33,"column":0},"end":{"line":33,"column":36}},"33":{"start":{"line":34,"column":0},"end":{"line":34,"column":40}},"34":{"start":{"line":35,"column":0},"end":{"line":35,"column":42}},"35":{"start":{"line":36,"column":0},"end":{"line":36,"column":73}},"36":{"start":{"line":37,"column":0},"end":{"line":37,"column":25}},"37":{"start":{"line":38,"column":0},"end":{"line":38,"column":11}},"38":{"start":{"line":39,"column":0},"end":{"line":39,"column":0}},"39":{"start":{"line":40,"column":0},"end":{"line":40,"column":28}},"40":{"start":{"line":41,"column":0},"end":{"line":41,"column":0}},"41":{"start":{"line":42,"column":0},"end":{"line":42,"column":5}},"42":{"start":{"line":43,"column":0},"end":{"line":43,"column":0}},"43":{"start":{"line":44,"column":0},"end":{"line":44,"column":55}},"44":{"start":{"line":45,"column":0},"end":{"line":45,"column":16}},"45":{"start":{"line":46,"column":0},"end":{"line":46,"column":26}},"46":{"start":{"line":47,"column":0},"end":{"line":47,"column":30}},"47":{"start":{"line":48,"column":0},"end":{"line":48,"column":31}},"48":{"start":{"line":49,"column":0},"end":{"line":49,"column":10}},"49":{"start":{"line":50,"column":0},"end":{"line":50,"column":5}},"50":{"start":{"line":51,"column":0},"end":{"line":51,"column":0}},"51":{"start":{"line":52,"column":0},"end":{"line":52,"column":1}}},"s":{"0":1,"1":1,"2":1,"3":1,"4":1,"5":1,"6":1,"7":13,"8":13,"9":1,"10":1,"11":1,"12":1,"13":1,"14":1,"15":5,"16":5,"17":1,"18":1,"19":4,"20":4,"21":5,"22":5,"23":5,"24":5,"25":1,"26":1,"27":1,"28":1,"29":1,"30":1,"31":5,"32":5,"33":5,"34":5,"35":5,"36":5,"37":5,"38":1,"39":1,"40":1,"41":1,"42":1,"43":1,"44":14,"45":14,"46":14,"47":14,"48":14,"49":14,"50":1,"51":1},"branchMap":{"0":{"type":"branch","line":7,"loc":{"start":{"line":7,"column":4},"end":{"line":9,"column":5}},"locations":[{"start":{"line":7,"column":4},"end":{"line":9,"column":5}}]},"1":{"type":"branch","line":10,"loc":{"start":{"line":10,"column":4},"end":{"line":13,"column":5}},"locations":[{"start":{"line":10,"column":4},"end":{"line":13,"column":5}}]},"2":{"type":"branch","line":15,"loc":{"start":{"line":15,"column":4},"end":{"line":25,"column":5}},"locations":[{"start":{"line":15,"column":4},"end":{"line":25,"column":5}}]},"3":{"type":"branch","line":17,"loc":{"start":{"line":17,"column":32},"end":{"line":19,"column":9}},"locations":[{"start":{"line":17,"column":32},"end":{"line":19,"column":9}}]},"4":{"type":"branch","line":19,"loc":{"start":{"line":19,"column":8},"end":{"line":21,"column":29}},"locations":[{"start":{"line":19,"column":8},"end":{"line":21,"column":29}}]},"5":{"type":"branch","line":22,"loc":{"start":{"line":22,"column":12},"end":{"line":22,"column":31}},"locations":[{"start":{"line":22,"column":12},"end":{"line":22,"column":31}}]},"6":{"type":"branch","line":23,"loc":{"start":{"line":23,"column":12},"end":{"line":23,"column":31}},"locations":[{"start":{"line":23,"column":12},"end":{"line":23,"column":31}}]},"7":{"type":"branch","line":27,"loc":{"start":{"line":27,"column":4},"end":{"line":42,"column":5}},"locations":[{"start":{"line":27,"column":4},"end":{"line":42,"column":5}}]},"8":{"type":"branch","line":31,"loc":{"start":{"line":31,"column":62},"end":{"line":38,"column":11}},"locations":[{"start":{"line":31,"column":62},"end":{"line":38,"column":11}}]},"9":{"type":"branch","line":44,"loc":{"start":{"line":44,"column":12},"end":{"line":50,"column":5}},"locations":[{"start":{"line":44,"column":12},"end":{"line":50,"column":5}}]}},"b":{"0":[13],"1":[1],"2":[5],"3":[1],"4":[4],"5":[4],"6":[4],"7":[1],"8":[5],"9":[14]},"fnMap":{"0":{"name":"create","decl":{"start":{"line":7,"column":4},"end":{"line":9,"column":5}},"loc":{"start":{"line":7,"column":4},"end":{"line":9,"column":5}},"line":7},"1":{"name":"update","decl":{"start":{"line":10,"column":4},"end":{"line":13,"column":5}},"loc":{"start":{"line":10,"column":4},"end":{"line":13,"column":5}},"line":10},"2":{"name":"findById","decl":{"start":{"line":15,"column":4},"end":{"line":25,"column":5}},"loc":{"start":{"line":15,"column":4},"end":{"line":25,"column":5}},"line":15},"3":{"name":"findAll","decl":{"start":{"line":27,"column":4},"end":{"line":42,"column":5}},"loc":{"start":{"line":27,"column":4},"end":{"line":42,"column":5}},"line":27},"4":{"name":"toPersistenceObject","decl":{"start":{"line":44,"column":12},"end":{"line":50,"column":5}},"loc":{"start":{"line":44,"column":12},"end":{"line":50,"column":5}},"line":44}},"f":{"0":13,"1":1,"2":5,"3":1,"4":14}}
}
