{"/home/ubuntu/devops/03.fullcycle/08.ddd-modelagem-tatica-e-patterns/mvc-ddd-patterns/src/entity/address.ts": {"path":"/home/ubuntu/devops/03.fullcycle/08.ddd-modelagem-tatica-e-patterns/mvc-ddd-patterns/src/entity/address.ts","all":false,"statementMap":{"0":{"start":{"line":1,"column":0},"end":{"line":1,"column":30}},"1":{"start":{"line":2,"column":0},"end":{"line":2,"column":1}},"2":{"start":{"line":3,"column":0},"end":{"line":3,"column":30}},"3":{"start":{"line":4,"column":0},"end":{"line":4,"column":29}},"4":{"start":{"line":5,"column":0},"end":{"line":5,"column":27}},"5":{"start":{"line":6,"column":0},"end":{"line":6,"column":28}},"6":{"start":{"line":7,"column":0},"end":{"line":7,"column":0}},"7":{"start":{"line":8,"column":0},"end":{"line":8,"column":73}},"8":{"start":{"line":9,"column":0},"end":{"line":9,"column":24}},"9":{"start":{"line":10,"column":0},"end":{"line":10,"column":24}},"10":{"start":{"line":11,"column":0},"end":{"line":11,"column":18}},"11":{"start":{"line":12,"column":0},"end":{"line":12,"column":20}},"12":{"start":{"line":13,"column":0},"end":{"line":13,"column":0}},"13":{"start":{"line":14,"column":0},"end":{"line":14,"column":18}},"14":{"start":{"line":15,"column":0},"end":{"line":15,"column":2}},"15":{"start":{"line":16,"column":0},"end":{"line":16,"column":0}},"16":{"start":{"line":17,"column":0},"end":{"line":17,"column":23}},"17":{"start":{"line":18,"column":0},"end":{"line":18,"column":22}},"18":{"start":{"line":19,"column":0},"end":{"line":19,"column":2}},"19":{"start":{"line":20,"column":0},"end":{"line":20,"column":0}},"20":{"start":{"line":21,"column":0},"end":{"line":21,"column":23}},"21":{"start":{"line":22,"column":0},"end":{"line":22,"column":22}},"22":{"start":{"line":23,"column":0},"end":{"line":23,"column":2}},"23":{"start":{"line":24,"column":0},"end":{"line":24,"column":0}},"24":{"start":{"line":25,"column":0},"end":{"line":25,"column":20}},"25":{"start":{"line":26,"column":0},"end":{"line":26,"column":19}},"26":{"start":{"line":27,"column":0},"end":{"line":27,"column":2}},"27":{"start":{"line":28,"column":0},"end":{"line":28,"column":0}},"28":{"start":{"line":29,"column":0},"end":{"line":29,"column":21}},"29":{"start":{"line":30,"column":0},"end":{"line":30,"column":20}},"30":{"start":{"line":31,"column":0},"end":{"line":31,"column":2}},"31":{"start":{"line":32,"column":0},"end":{"line":32,"column":0}},"32":{"start":{"line":33,"column":0},"end":{"line":33,"column":13}},"33":{"start":{"line":34,"column":0},"end":{"line":34,"column":34}},"34":{"start":{"line":35,"column":0},"end":{"line":35,"column":41}},"35":{"start":{"line":36,"column":0},"end":{"line":36,"column":3}},"36":{"start":{"line":37,"column":0},"end":{"line":37,"column":27}},"37":{"start":{"line":38,"column":0},"end":{"line":38,"column":41}},"38":{"start":{"line":39,"column":0},"end":{"line":39,"column":3}},"39":{"start":{"line":40,"column":0},"end":{"line":40,"column":31}},"40":{"start":{"line":41,"column":0},"end":{"line":41,"column":38}},"41":{"start":{"line":42,"column":0},"end":{"line":42,"column":3}},"42":{"start":{"line":43,"column":0},"end":{"line":43,"column":32}},"43":{"start":{"line":44,"column":0},"end":{"line":44,"column":39}},"44":{"start":{"line":45,"column":0},"end":{"line":45,"column":3}},"45":{"start":{"line":46,"column":0},"end":{"line":46,"column":2}},"46":{"start":{"line":47,"column":0},"end":{"line":47,"column":0}},"47":{"start":{"line":48,"column":0},"end":{"line":48,"column":13}},"48":{"start":{"line":49,"column":0},"end":{"line":49,"column":72}},"49":{"start":{"line":50,"column":0},"end":{"line":50,"column":2}},"50":{"start":{"line":51,"column":0},"end":{"line":51,"column":1}}},"s":{"0":1,"1":2,"2":2,"3":2,"4":2,"5":2,"6":2,"7":2,"8":2,"9":2,"10":2,"11":2,"12":2,"13":2,"14":2,"15":2,"16":2,"17":0,"18":0,"19":2,"20":2,"21":0,"22":0,"23":2,"24":2,"25":0,"26":0,"27":2,"28":2,"29":0,"30":0,"31":2,"32":2,"33":2,"34":0,"35":0,"36":2,"37":0,"38":0,"39":2,"40":0,"41":0,"42":2,"43":0,"44":0,"45":2,"46":2,"47":2,"48":0,"49":0,"50":2},"branchMap":{"0":{"type":"branch","line":1,"loc":{"start":{"line":1,"column":15},"end":{"line":51,"column":1}},"locations":[{"start":{"line":1,"column":15},"end":{"line":51,"column":1}}]},"1":{"type":"branch","line":8,"loc":{"start":{"line":8,"column":1},"end":{"line":15,"column":2}},"locations":[{"start":{"line":8,"column":1},"end":{"line":15,"column":2}}]},"2":{"type":"branch","line":33,"loc":{"start":{"line":33,"column":1},"end":{"line":46,"column":2}},"locations":[{"start":{"line":33,"column":1},"end":{"line":46,"column":2}}]},"3":{"type":"branch","line":34,"loc":{"start":{"line":34,"column":33},"end":{"line":36,"column":3}},"locations":[{"start":{"line":34,"column":33},"end":{"line":36,"column":3}}]},"4":{"type":"branch","line":37,"loc":{"start":{"line":37,"column":26},"end":{"line":39,"column":3}},"locations":[{"start":{"line":37,"column":26},"end":{"line":39,"column":3}}]},"5":{"type":"branch","line":40,"loc":{"start":{"line":40,"column":30},"end":{"line":42,"column":3}},"locations":[{"start":{"line":40,"column":30},"end":{"line":42,"column":3}}]},"6":{"type":"branch","line":43,"loc":{"start":{"line":43,"column":31},"end":{"line":45,"column":3}},"locations":[{"start":{"line":43,"column":31},"end":{"line":45,"column":3}}]}},"b":{"0":[2],"1":[2],"2":[2],"3":[0],"4":[0],"5":[0],"6":[0]},"fnMap":{"0":{"name":"<instance_members_initializer>","decl":{"start":{"line":1,"column":15},"end":{"line":51,"column":1}},"loc":{"start":{"line":1,"column":15},"end":{"line":51,"column":1}},"line":1},"1":{"name":"Address","decl":{"start":{"line":8,"column":1},"end":{"line":15,"column":2}},"loc":{"start":{"line":8,"column":1},"end":{"line":15,"column":2}},"line":8},"2":{"name":"get street","decl":{"start":{"line":17,"column":1},"end":{"line":19,"column":2}},"loc":{"start":{"line":17,"column":1},"end":{"line":19,"column":2}},"line":17},"3":{"name":"get number","decl":{"start":{"line":21,"column":1},"end":{"line":23,"column":2}},"loc":{"start":{"line":21,"column":1},"end":{"line":23,"column":2}},"line":21},"4":{"name":"get zip","decl":{"start":{"line":25,"column":1},"end":{"line":27,"column":2}},"loc":{"start":{"line":25,"column":1},"end":{"line":27,"column":2}},"line":25},"5":{"name":"get city","decl":{"start":{"line":29,"column":1},"end":{"line":31,"column":2}},"loc":{"start":{"line":29,"column":1},"end":{"line":31,"column":2}},"line":29},"6":{"name":"validate","decl":{"start":{"line":33,"column":1},"end":{"line":46,"column":2}},"loc":{"start":{"line":33,"column":1},"end":{"line":46,"column":2}},"line":33},"7":{"name":"toString","decl":{"start":{"line":48,"column":1},"end":{"line":50,"column":2}},"loc":{"start":{"line":48,"column":1},"end":{"line":50,"column":2}},"line":48}},"f":{"0":2,"1":2,"2":0,"3":0,"4":0,"5":0,"6":2,"7":0}}
,"/home/ubuntu/devops/03.fullcycle/08.ddd-modelagem-tatica-e-patterns/mvc-ddd-patterns/src/entity/customer.ts": {"path":"/home/ubuntu/devops/03.fullcycle/08.ddd-modelagem-tatica-e-patterns/mvc-ddd-patterns/src/entity/customer.ts","all":false,"statementMap":{"0":{"start":{"line":1,"column":0},"end":{"line":1,"column":32}},"1":{"start":{"line":2,"column":0},"end":{"line":2,"column":0}},"2":{"start":{"line":3,"column":0},"end":{"line":3,"column":31}},"3":{"start":{"line":4,"column":0},"end":{"line":4,"column":0}},"4":{"start":{"line":5,"column":0},"end":{"line":5,"column":21}},"5":{"start":{"line":6,"column":0},"end":{"line":6,"column":28}},"6":{"start":{"line":7,"column":0},"end":{"line":7,"column":28}},"7":{"start":{"line":8,"column":0},"end":{"line":8,"column":34}},"8":{"start":{"line":9,"column":0},"end":{"line":9,"column":0}},"9":{"start":{"line":10,"column":0},"end":{"line":10,"column":40}},"10":{"start":{"line":11,"column":0},"end":{"line":11,"column":16}},"11":{"start":{"line":12,"column":0},"end":{"line":12,"column":20}},"12":{"start":{"line":13,"column":0},"end":{"line":13,"column":18}},"13":{"start":{"line":14,"column":0},"end":{"line":14,"column":2}},"14":{"start":{"line":15,"column":0},"end":{"line":15,"column":0}},"15":{"start":{"line":16,"column":0},"end":{"line":16,"column":19}},"16":{"start":{"line":17,"column":0},"end":{"line":17,"column":18}},"17":{"start":{"line":18,"column":0},"end":{"line":18,"column":2}},"18":{"start":{"line":19,"column":0},"end":{"line":19,"column":0}},"19":{"start":{"line":20,"column":0},"end":{"line":20,"column":21}},"20":{"start":{"line":21,"column":0},"end":{"line":21,"column":20}},"21":{"start":{"line":22,"column":0},"end":{"line":22,"column":2}},"22":{"start":{"line":23,"column":0},"end":{"line":23,"column":0}},"23":{"start":{"line":24,"column":0},"end":{"line":24,"column":25}},"24":{"start":{"line":25,"column":0},"end":{"line":25,"column":23}},"25":{"start":{"line":26,"column":0},"end":{"line":26,"column":2}},"26":{"start":{"line":27,"column":0},"end":{"line":27,"column":0}},"27":{"start":{"line":28,"column":0},"end":{"line":28,"column":22}},"28":{"start":{"line":29,"column":0},"end":{"line":29,"column":22}},"29":{"start":{"line":30,"column":0},"end":{"line":30,"column":2}},"30":{"start":{"line":31,"column":0},"end":{"line":31,"column":0}},"31":{"start":{"line":32,"column":0},"end":{"line":32,"column":13}},"32":{"start":{"line":33,"column":0},"end":{"line":33,"column":37}},"33":{"start":{"line":34,"column":0},"end":{"line":34,"column":37}},"34":{"start":{"line":35,"column":0},"end":{"line":35,"column":3}},"35":{"start":{"line":36,"column":0},"end":{"line":36,"column":39}},"36":{"start":{"line":37,"column":0},"end":{"line":37,"column":39}},"37":{"start":{"line":38,"column":0},"end":{"line":38,"column":3}},"38":{"start":{"line":39,"column":0},"end":{"line":39,"column":2}},"39":{"start":{"line":40,"column":0},"end":{"line":40,"column":0}},"40":{"start":{"line":41,"column":0},"end":{"line":41,"column":27}},"41":{"start":{"line":42,"column":0},"end":{"line":42,"column":20}},"42":{"start":{"line":43,"column":0},"end":{"line":43,"column":18}},"43":{"start":{"line":44,"column":0},"end":{"line":44,"column":2}},"44":{"start":{"line":45,"column":0},"end":{"line":45,"column":0}},"45":{"start":{"line":46,"column":0},"end":{"line":46,"column":34}},"46":{"start":{"line":47,"column":0},"end":{"line":47,"column":26}},"47":{"start":{"line":48,"column":0},"end":{"line":48,"column":2}},"48":{"start":{"line":49,"column":0},"end":{"line":49,"column":0}},"49":{"start":{"line":50,"column":0},"end":{"line":50,"column":13}},"50":{"start":{"line":51,"column":0},"end":{"line":51,"column":36}},"51":{"start":{"line":52,"column":0},"end":{"line":52,"column":66}},"52":{"start":{"line":53,"column":0},"end":{"line":53,"column":3}},"53":{"start":{"line":54,"column":0},"end":{"line":54,"column":22}},"54":{"start":{"line":55,"column":0},"end":{"line":55,"column":2}},"55":{"start":{"line":56,"column":0},"end":{"line":56,"column":0}},"56":{"start":{"line":57,"column":0},"end":{"line":57,"column":15}},"57":{"start":{"line":58,"column":0},"end":{"line":58,"column":23}},"58":{"start":{"line":59,"column":0},"end":{"line":59,"column":2}},"59":{"start":{"line":60,"column":0},"end":{"line":60,"column":0}},"60":{"start":{"line":61,"column":0},"end":{"line":61,"column":1}}},"s":{"0":1,"1":1,"2":1,"3":8,"4":8,"5":8,"6":8,"7":8,"8":8,"9":8,"10":8,"11":8,"12":8,"13":8,"14":8,"15":8,"16":2,"17":2,"18":8,"19":8,"20":2,"21":2,"22":8,"23":8,"24":0,"25":0,"26":8,"27":8,"28":4,"29":4,"30":8,"31":8,"32":9,"33":2,"34":2,"35":9,"36":2,"37":2,"38":9,"39":8,"40":8,"41":1,"42":1,"43":1,"44":8,"45":8,"46":2,"47":2,"48":8,"49":8,"50":3,"51":1,"52":1,"53":2,"54":2,"55":8,"56":8,"57":1,"58":1,"59":8,"60":8},"branchMap":{"0":{"type":"branch","line":3,"loc":{"start":{"line":3,"column":15},"end":{"line":61,"column":1}},"locations":[{"start":{"line":3,"column":15},"end":{"line":61,"column":1}}]},"1":{"type":"branch","line":10,"loc":{"start":{"line":10,"column":1},"end":{"line":14,"column":2}},"locations":[{"start":{"line":10,"column":1},"end":{"line":14,"column":2}}]},"2":{"type":"branch","line":16,"loc":{"start":{"line":16,"column":1},"end":{"line":18,"column":2}},"locations":[{"start":{"line":16,"column":1},"end":{"line":18,"column":2}}]},"3":{"type":"branch","line":20,"loc":{"start":{"line":20,"column":1},"end":{"line":22,"column":2}},"locations":[{"start":{"line":20,"column":1},"end":{"line":22,"column":2}}]},"4":{"type":"branch","line":28,"loc":{"start":{"line":28,"column":1},"end":{"line":30,"column":2}},"locations":[{"start":{"line":28,"column":1},"end":{"line":30,"column":2}}]},"5":{"type":"branch","line":32,"loc":{"start":{"line":32,"column":1},"end":{"line":39,"column":2}},"locations":[{"start":{"line":32,"column":1},"end":{"line":39,"column":2}}]},"6":{"type":"branch","line":33,"loc":{"start":{"line":33,"column":36},"end":{"line":35,"column":3}},"locations":[{"start":{"line":33,"column":36},"end":{"line":35,"column":3}}]},"7":{"type":"branch","line":35,"loc":{"start":{"line":35,"column":2},"end":{"line":36,"column":38}},"locations":[{"start":{"line":35,"column":2},"end":{"line":36,"column":38}}]},"8":{"type":"branch","line":36,"loc":{"start":{"line":36,"column":38},"end":{"line":38,"column":3}},"locations":[{"start":{"line":36,"column":38},"end":{"line":38,"column":3}}]},"9":{"type":"branch","line":41,"loc":{"start":{"line":41,"column":1},"end":{"line":44,"column":2}},"locations":[{"start":{"line":41,"column":1},"end":{"line":44,"column":2}}]},"10":{"type":"branch","line":46,"loc":{"start":{"line":46,"column":1},"end":{"line":48,"column":2}},"locations":[{"start":{"line":46,"column":1},"end":{"line":48,"column":2}}]},"11":{"type":"branch","line":50,"loc":{"start":{"line":50,"column":1},"end":{"line":55,"column":2}},"locations":[{"start":{"line":50,"column":1},"end":{"line":55,"column":2}}]},"12":{"type":"branch","line":51,"loc":{"start":{"line":51,"column":35},"end":{"line":53,"column":3}},"locations":[{"start":{"line":51,"column":35},"end":{"line":53,"column":3}}]},"13":{"type":"branch","line":53,"loc":{"start":{"line":53,"column":2},"end":{"line":55,"column":2}},"locations":[{"start":{"line":53,"column":2},"end":{"line":55,"column":2}}]},"14":{"type":"branch","line":57,"loc":{"start":{"line":57,"column":1},"end":{"line":59,"column":2}},"locations":[{"start":{"line":57,"column":1},"end":{"line":59,"column":2}}]}},"b":{"0":[8],"1":[8],"2":[2],"3":[2],"4":[4],"5":[9],"6":[2],"7":[7],"8":[2],"9":[1],"10":[2],"11":[3],"12":[1],"13":[2],"14":[1]},"fnMap":{"0":{"name":"<instance_members_initializer>","decl":{"start":{"line":3,"column":15},"end":{"line":61,"column":1}},"loc":{"start":{"line":3,"column":15},"end":{"line":61,"column":1}},"line":3},"1":{"name":"Customer","decl":{"start":{"line":10,"column":1},"end":{"line":14,"column":2}},"loc":{"start":{"line":10,"column":1},"end":{"line":14,"column":2}},"line":10},"2":{"name":"get id","decl":{"start":{"line":16,"column":1},"end":{"line":18,"column":2}},"loc":{"start":{"line":16,"column":1},"end":{"line":18,"column":2}},"line":16},"3":{"name":"get name","decl":{"start":{"line":20,"column":1},"end":{"line":22,"column":2}},"loc":{"start":{"line":20,"column":1},"end":{"line":22,"column":2}},"line":20},"4":{"name":"get Address","decl":{"start":{"line":24,"column":1},"end":{"line":26,"column":2}},"loc":{"start":{"line":24,"column":1},"end":{"line":26,"column":2}},"line":24},"5":{"name":"isActive","decl":{"start":{"line":28,"column":1},"end":{"line":30,"column":2}},"loc":{"start":{"line":28,"column":1},"end":{"line":30,"column":2}},"line":28},"6":{"name":"validate","decl":{"start":{"line":32,"column":1},"end":{"line":39,"column":2}},"loc":{"start":{"line":32,"column":1},"end":{"line":39,"column":2}},"line":32},"7":{"name":"changeName","decl":{"start":{"line":41,"column":1},"end":{"line":44,"column":2}},"loc":{"start":{"line":41,"column":1},"end":{"line":44,"column":2}},"line":41},"8":{"name":"changeAddress","decl":{"start":{"line":46,"column":1},"end":{"line":48,"column":2}},"loc":{"start":{"line":46,"column":1},"end":{"line":48,"column":2}},"line":46},"9":{"name":"activate","decl":{"start":{"line":50,"column":1},"end":{"line":55,"column":2}},"loc":{"start":{"line":50,"column":1},"end":{"line":55,"column":2}},"line":50},"10":{"name":"deactivate","decl":{"start":{"line":57,"column":1},"end":{"line":59,"column":2}},"loc":{"start":{"line":57,"column":1},"end":{"line":59,"column":2}},"line":57}},"f":{"0":8,"1":8,"2":2,"3":2,"4":0,"5":4,"6":9,"7":1,"8":2,"9":3,"10":1}}
}
