TN:
SF:src/domain/entity/address.ts
FN:1,<instance_members_initializer>
FN:8,Address
FN:17,get street
FN:21,get number
FN:25,get zip
FN:29,get city
FN:33,validate
FN:48,toString
FNF:8
FNH:8
FNDA:22,<instance_members_initializer>
FNDA:22,Address
FNDA:9,get street
FNDA:9,get number
FNDA:9,get zip
FNDA:9,get city
FNDA:22,validate
FNDA:1,toString
DA:1,1
DA:2,22
DA:3,22
DA:4,22
DA:5,22
DA:6,22
DA:7,22
DA:8,22
DA:9,22
DA:10,22
DA:11,22
DA:12,22
DA:13,22
DA:14,22
DA:15,22
DA:16,22
DA:17,22
DA:18,9
DA:19,9
DA:20,22
DA:21,22
DA:22,9
DA:23,9
DA:24,22
DA:25,22
DA:26,9
DA:27,9
DA:28,22
DA:29,22
DA:30,9
DA:31,9
DA:32,22
DA:33,22
DA:34,22
DA:35,2
DA:36,2
DA:37,22
DA:38,2
DA:39,2
DA:40,22
DA:41,2
DA:42,2
DA:43,22
DA:44,2
DA:45,2
DA:46,22
DA:47,22
DA:48,22
DA:49,1
DA:50,1
DA:51,22
LF:51
LH:51
BRDA:1,0,0,22
BRDA:8,1,0,22
BRDA:17,2,0,9
BRDA:21,3,0,9
BRDA:25,4,0,9
BRDA:29,5,0,9
BRDA:33,6,0,22
BRDA:34,7,0,2
BRDA:36,8,0,20
BRDA:37,9,0,2
BRDA:39,10,0,18
BRDA:40,11,0,2
BRDA:42,12,0,16
BRDA:43,13,0,2
BRDA:48,14,0,1
BRF:15
BRH:15
end_of_record
TN:
SF:src/domain/entity/customer.ts
FN:3,<instance_members_initializer>
FN:12,Customer
FN:31,get id
FN:35,get name
FN:39,get document
FN:43,get Address
FN:47,get rewardPoints
FN:51,isActive
FN:55,validate
FN:68,changeName
FN:73,changeAddress
FN:77,activate
FN:84,deactivate
FN:88,addRewardPoints
FNF:14
FNH:14
FNDA:37,<instance_members_initializer>
FNDA:37,Customer
FNDA:29,get id
FNDA:22,get name
FNDA:20,get document
FNDA:65,get Address
FNDA:17,get rewardPoints
FNDA:17,isActive
FNDA:39,validate
FNDA:2,changeName
FNDA:1,changeAddress
FNDA:4,activate
FNDA:1,deactivate
FNDA:5,addRewardPoints
DA:1,1
DA:2,1
DA:3,1
DA:4,37
DA:5,37
DA:6,37
DA:7,37
DA:8,37
DA:9,37
DA:10,37
DA:11,37
DA:12,37
DA:13,37
DA:14,37
DA:15,37
DA:16,37
DA:17,37
DA:18,37
DA:19,37
DA:20,37
DA:21,37
DA:22,37
DA:23,37
DA:24,37
DA:25,37
DA:26,37
DA:27,37
DA:28,37
DA:29,37
DA:30,37
DA:31,37
DA:32,29
DA:33,29
DA:34,37
DA:35,37
DA:36,22
DA:37,22
DA:38,37
DA:39,37
DA:40,20
DA:41,20
DA:42,37
DA:43,37
DA:44,65
DA:45,65
DA:46,37
DA:47,37
DA:48,17
DA:49,17
DA:50,37
DA:51,37
DA:52,17
DA:53,17
DA:54,37
DA:55,37
DA:56,39
DA:57,2
DA:58,2
DA:59,39
DA:60,2
DA:61,2
DA:62,35
DA:63,39
DA:64,2
DA:65,2
DA:66,39
DA:67,37
DA:68,37
DA:69,2
DA:70,2
DA:71,2
DA:72,37
DA:73,37
DA:74,1
DA:75,1
DA:76,37
DA:77,37
DA:78,4
DA:79,1
DA:80,1
DA:81,3
DA:82,3
DA:83,37
DA:84,37
DA:85,1
DA:86,1
DA:87,37
DA:88,37
DA:89,5
DA:90,2
DA:91,2
DA:92,3
DA:93,3
DA:94,3
DA:95,37
DA:96,37
LF:96
LH:96
BRDA:3,0,0,37
BRDA:12,1,0,37
BRDA:31,2,0,29
BRDA:35,3,0,22
BRDA:39,4,0,20
BRDA:43,5,0,65
BRDA:47,6,0,17
BRDA:51,7,0,17
BRDA:55,8,0,39
BRDA:56,9,0,2
BRDA:58,10,0,37
BRDA:59,11,0,2
BRDA:61,12,0,35
BRDA:63,13,0,2
BRDA:68,14,0,2
BRDA:73,15,0,1
BRDA:77,16,0,4
BRDA:78,17,0,1
BRDA:80,18,0,3
BRDA:84,19,0,1
BRDA:88,20,0,5
BRDA:89,21,0,3
BRDA:89,22,0,2
BRF:23
BRH:23
end_of_record
TN:
SF:src/domain/entity/order.ts
FN:3,<instance_members_initializer>
FN:9,Order
FN:17,get id
FN:21,get customerId
FN:25,get items
FN:29,validate
FN:41,total
FNF:7
FNH:7
FNDA:20,<instance_members_initializer>
FNDA:20,Order
FNDA:23,get id
FNDA:8,get customerId
FNDA:13,get items
FNDA:20,validate
FNDA:17,total
DA:1,1
DA:2,1
DA:3,1
DA:4,20
DA:5,20
DA:6,20
DA:7,20
DA:8,20
DA:9,20
DA:10,20
DA:11,20
DA:12,20
DA:13,20
DA:14,20
DA:15,20
DA:16,20
DA:17,20
DA:18,23
DA:19,23
DA:20,20
DA:21,20
DA:22,8
DA:23,8
DA:24,20
DA:25,20
DA:26,13
DA:27,13
DA:28,20
DA:29,20
DA:30,20
DA:31,2
DA:32,2
DA:33,20
DA:34,2
DA:35,2
DA:36,20
DA:37,1
DA:38,1
DA:39,20
DA:40,20
DA:41,20
DA:42,17
DA:43,17
DA:44,20
DA:45,20
LF:45
LH:45
BRDA:3,0,0,20
BRDA:9,1,0,20
BRDA:17,2,0,23
BRDA:21,3,0,8
BRDA:25,4,0,13
BRDA:29,5,0,20
BRDA:30,6,0,2
BRDA:32,7,0,18
BRDA:33,8,0,2
BRDA:35,9,0,16
BRDA:36,10,0,1
BRDA:41,11,0,17
BRDA:42,12,0,21
BRF:13
BRH:13
end_of_record
TN:
SF:src/domain/entity/order_item.ts
FN:1,<instance_members_initializer>
FN:11,OrderItem
FN:29,get id
FN:33,get name
FN:37,get price
FN:41,get productId
FN:45,get quantity
FN:49,validate
FN:67,total
FNF:9
FNH:9
FNDA:30,<instance_members_initializer>
FNDA:30,OrderItem
FNDA:8,get id
FNDA:8,get name
FNDA:8,get price
FNDA:8,get productId
FNDA:9,get quantity
FNDA:30,validate
FNDA:31,total
DA:1,1
DA:2,30
DA:3,30
DA:4,30
DA:5,30
DA:6,30
DA:7,30
DA:8,30
DA:9,30
DA:10,30
DA:11,30
DA:12,30
DA:13,30
DA:14,30
DA:15,30
DA:16,30
DA:17,30
DA:18,30
DA:19,30
DA:20,30
DA:21,30
DA:22,30
DA:23,30
DA:24,30
DA:25,30
DA:26,30
DA:27,30
DA:28,30
DA:29,30
DA:30,8
DA:31,8
DA:32,30
DA:33,30
DA:34,8
DA:35,8
DA:36,30
DA:37,30
DA:38,8
DA:39,8
DA:40,30
DA:41,30
DA:42,8
DA:43,8
DA:44,30
DA:45,30
DA:46,9
DA:47,9
DA:48,30
DA:49,30
DA:50,30
DA:51,2
DA:52,2
DA:53,30
DA:54,2
DA:55,2
DA:56,30
DA:57,2
DA:58,2
DA:59,30
DA:60,2
DA:61,2
DA:62,30
DA:63,2
DA:64,2
DA:65,30
DA:66,30
DA:67,30
DA:68,31
DA:69,31
DA:70,30
LF:70
LH:70
BRDA:1,0,0,30
BRDA:11,1,0,30
BRDA:29,2,0,8
BRDA:33,3,0,8
BRDA:37,4,0,8
BRDA:41,5,0,8
BRDA:45,6,0,9
BRDA:49,7,0,30
BRDA:50,8,0,2
BRDA:52,9,0,28
BRDA:53,10,0,2
BRDA:55,11,0,26
BRDA:56,12,0,2
BRDA:58,13,0,24
BRDA:59,14,0,2
BRDA:61,15,0,22
BRDA:62,16,0,2
BRDA:67,17,0,31
BRF:18
BRH:18
end_of_record
TN:
SF:src/domain/entity/product.ts
FN:1,<instance_members_initializer>
FN:6,Product
FN:13,get id
FN:17,get name
FN:21,get price
FN:25,changeName
FN:30,changePrice
FN:35,validate
FNF:8
FNH:8
FNDA:33,<instance_members_initializer>
FNDA:33,Product
FNDA:28,get id
FNDA:28,get name
FNDA:38,get price
FNDA:2,changeName
FNDA:7,changePrice
FNDA:42,validate
DA:1,1
DA:2,33
DA:3,33
DA:4,33
DA:5,33
DA:6,33
DA:7,33
DA:8,33
DA:9,33
DA:10,33
DA:11,33
DA:12,33
DA:13,33
DA:14,28
DA:15,28
DA:16,33
DA:17,33
DA:18,28
DA:19,28
DA:20,33
DA:21,33
DA:22,38
DA:23,38
DA:24,33
DA:25,33
DA:26,2
DA:27,2
DA:28,2
DA:29,33
DA:30,33
DA:31,7
DA:32,7
DA:33,7
DA:34,33
DA:35,33
DA:36,42
DA:37,2
DA:38,2
DA:39,42
DA:40,2
DA:41,2
DA:42,42
DA:43,2
DA:44,2
DA:45,42
DA:46,33
LF:46
LH:46
BRDA:1,0,0,33
BRDA:6,1,0,33
BRDA:13,2,0,28
BRDA:17,3,0,28
BRDA:21,4,0,38
BRDA:25,5,0,2
BRDA:30,6,0,7
BRDA:35,7,0,42
BRDA:36,8,0,2
BRDA:38,9,0,40
BRDA:39,10,0,2
BRDA:41,11,0,38
BRDA:42,12,0,2
BRF:13
BRH:13
end_of_record
TN:
SF:src/domain/service/order.service.ts
FN:8,placeOrder
FN:17,total
FNF:2
FNH:2
FNDA:2,placeOrder
FNDA:1,total
DA:1,1
DA:2,1
DA:3,1
DA:4,1
DA:5,1
DA:6,1
DA:7,1
DA:8,1
DA:9,2
DA:10,1
DA:11,1
DA:12,1
DA:13,1
DA:14,1
DA:15,1
DA:16,1
DA:17,1
DA:18,1
DA:19,1
DA:20,1
LF:20
LH:20
BRDA:8,0,0,2
BRDA:9,1,0,1
BRDA:17,2,0,1
BRDA:18,3,0,2
BRF:4
BRH:4
end_of_record
TN:
SF:src/domain/service/product.service.ts
FN:5,increasePrice
FNF:1
FNH:1
FNDA:6,increasePrice
DA:1,1
DA:2,1
DA:3,1
DA:4,1
DA:5,1
DA:6,6
DA:7,2
DA:8,2
DA:9,4
DA:10,6
DA:11,1
DA:12,1
DA:13,3
DA:14,5
DA:15,5
DA:16,5
DA:17,5
DA:18,3
DA:19,3
DA:20,1
DA:21,1
LF:21
LH:21
BRDA:5,0,0,6
BRDA:6,1,0,2
BRDA:8,2,0,4
BRDA:10,3,0,1
BRDA:12,4,0,3
BRDA:13,5,0,5
BRF:6
BRH:6
end_of_record
TN:
SF:src/infrastructure/database/sequelize/model/customer.model.ts
FNF:0
FNH:0
DA:1,1
DA:2,1
DA:3,1
DA:4,1
DA:5,1
DA:6,1
DA:7,1
DA:8,1
DA:9,1
DA:10,1
DA:11,1
DA:12,1
DA:13,1
DA:14,1
DA:15,1
DA:16,1
DA:17,1
DA:18,1
DA:19,1
DA:20,1
DA:21,1
DA:22,1
DA:23,1
DA:24,1
DA:25,1
DA:26,1
DA:27,1
DA:28,1
DA:29,1
DA:30,1
DA:31,1
DA:32,1
DA:33,1
DA:34,1
DA:35,1
DA:36,1
DA:37,1
DA:38,1
LF:38
LH:38
BRF:0
BRH:0
end_of_record
TN:
SF:src/infrastructure/database/sequelize/model/order.model.ts
FNF:0
FNH:0
DA:1,1
DA:2,1
DA:3,1
DA:4,1
DA:5,1
DA:6,1
DA:7,1
DA:8,1
DA:9,1
DA:10,1
DA:11,1
DA:12,1
DA:13,1
DA:14,1
DA:15,1
DA:16,1
DA:17,1
DA:18,1
DA:19,1
DA:20,1
DA:21,1
DA:22,1
DA:23,1
DA:24,1
DA:25,1
DA:26,1
DA:27,1
LF:27
LH:27
BRDA:15,0,0,5
BRDA:19,1,0,14
BRDA:22,2,0,14
BRF:3
BRH:3
end_of_record
TN:
SF:src/infrastructure/database/sequelize/model/order_item.model.ts
FNF:0
FNH:0
DA:1,1
DA:2,1
DA:3,1
DA:4,1
DA:5,1
DA:6,1
DA:7,1
DA:8,1
DA:9,1
DA:10,1
DA:11,1
DA:12,1
DA:13,1
DA:14,1
DA:15,1
DA:16,1
DA:17,1
DA:18,1
DA:19,1
DA:20,1
DA:21,1
DA:22,1
DA:23,1
DA:24,1
DA:25,1
DA:26,1
DA:27,1
DA:28,1
DA:29,1
DA:30,1
DA:31,1
DA:32,1
DA:33,1
DA:34,1
DA:35,1
DA:36,1
DA:37,1
DA:38,1
DA:39,1
DA:40,1
DA:41,1
LF:41
LH:41
BRDA:15,0,0,15
BRDA:19,1,0,10
BRDA:22,2,0,5
BRF:3
BRH:3
end_of_record
TN:
SF:src/infrastructure/database/sequelize/model/product.model.ts
FNF:0
FNH:0
DA:1,1
DA:2,1
DA:3,1
DA:4,1
DA:5,1
DA:6,1
DA:7,1
DA:8,1
DA:9,1
DA:10,1
DA:11,1
DA:12,1
DA:13,1
DA:14,1
DA:15,1
DA:16,1
DA:17,1
DA:18,1
LF:18
LH:18
BRF:0
BRH:0
end_of_record
TN:
SF:src/infrastructure/repository/customer.repository.sequelize.ts
FN:8,create
FN:12,update
FN:17,findById
FN:26,findAll
FN:44,customerBuilder
FN:69,toPersistenceObject
FNF:6
FNH:6
FNDA:12,create
FNDA:1,update
FNDA:5,findById
FNDA:2,findAll
FNDA:9,customerBuilder
FNDA:13,toPersistenceObject
DA:1,1
DA:2,1
DA:3,1
DA:4,1
DA:5,1
DA:6,1
DA:7,1
DA:8,1
DA:9,12
DA:10,12
DA:11,1
DA:12,1
DA:13,1
DA:14,1
DA:15,1
DA:16,1
DA:17,1
DA:18,5
DA:19,5
DA:20,1
DA:21,1
DA:22,4
DA:23,4
DA:24,4
DA:25,1
DA:26,1
DA:27,2
DA:28,2
DA:29,2
DA:30,1
DA:31,1
DA:32,1
DA:33,1
DA:34,1
DA:35,1
DA:36,1
DA:37,5
DA:38,5
DA:39,1
DA:40,1
DA:41,1
DA:42,1
DA:43,1
DA:44,1
DA:45,9
DA:46,9
DA:47,9
DA:48,9
DA:49,3
DA:50,3
DA:51,3
DA:52,3
DA:53,3
DA:54,6
DA:55,6
DA:56,9
DA:57,9
DA:58,9
DA:59,9
DA:60,9
DA:61,9
DA:62,9
DA:63,9
DA:64,9
DA:65,9
DA:66,9
DA:67,9
DA:68,1
DA:69,1
DA:70,13
DA:71,13
DA:72,13
DA:73,13
DA:74,13
DA:75,13
DA:76,13
DA:77,13
DA:78,13
DA:79,13
DA:80,13
DA:81,13
DA:82,13
DA:83,13
DA:84,1
DA:85,1
LF:85
LH:85
BRDA:8,0,0,12
BRDA:12,1,0,1
BRDA:17,2,0,5
BRDA:19,3,0,1
BRDA:21,4,0,4
BRDA:26,5,0,2
BRDA:29,6,0,1
BRDA:36,7,0,5
BRDA:44,8,0,9
BRDA:46,9,0,3
BRDA:46,10,0,3
BRDA:46,11,0,3
BRDA:48,12,0,3
BRDA:54,13,0,6
BRDA:69,14,0,13
BRDA:77,15,0,6
BRDA:78,16,0,6
BRDA:79,17,0,6
BRDA:80,18,0,6
BRF:19
BRH:19
end_of_record
TN:
SF:src/infrastructure/repository/order.repository.sequelize.ts
FN:9,create
FN:13,update
FN:25,findById
FN:34,findAll
FN:52,orderBuilder
FN:62,orderItemBuilder
FN:74,toPersistenceObject
FNF:7
FNH:7
FNDA:4,create
FNDA:1,update
FNDA:4,findById
FNDA:2,findAll
FNDA:5,orderBuilder
FNDA:5,orderItemBuilder
FNDA:5,toPersistenceObject
DA:1,1
DA:2,1
DA:3,1
DA:4,1
DA:5,1
DA:6,1
DA:7,1
DA:8,1
DA:9,1
DA:10,4
DA:11,4
DA:12,1
DA:13,1
DA:14,1
DA:15,1
DA:16,1
DA:17,1
DA:18,1
DA:19,1
DA:20,1
DA:21,1
DA:22,1
DA:23,1
DA:24,1
DA:25,1
DA:26,4
DA:27,4
DA:28,1
DA:29,1
DA:30,3
DA:31,3
DA:32,3
DA:33,1
DA:34,1
DA:35,2
DA:36,2
DA:37,2
DA:38,1
DA:39,1
DA:40,1
DA:41,1
DA:42,1
DA:43,1
DA:44,1
DA:45,2
DA:46,2
DA:47,1
DA:48,1
DA:49,1
DA:50,1
DA:51,1
DA:52,1
DA:53,5
DA:54,5
DA:55,5
DA:56,5
DA:57,5
DA:58,5
DA:59,5
DA:60,5
DA:61,1
DA:62,1
DA:63,5
DA:64,5
DA:65,5
DA:66,5
DA:67,5
DA:68,5
DA:69,5
DA:70,5
DA:71,5
DA:72,5
DA:73,1
DA:74,1
DA:75,5
DA:76,5
DA:77,5
DA:78,5
DA:79,5
DA:80,5
DA:81,5
DA:82,5
DA:83,5
DA:84,5
DA:85,5
DA:86,5
DA:87,5
DA:88,5
DA:89,5
DA:90,1
DA:91,1
DA:92,1
LF:92
LH:92
BRDA:9,0,0,4
BRDA:13,1,0,1
BRDA:22,2,0,1
BRDA:25,3,0,4
BRDA:27,4,0,1
BRDA:29,5,0,3
BRDA:34,6,0,2
BRDA:37,7,0,1
BRDA:44,8,0,2
BRDA:52,9,0,5
BRDA:56,10,0,5
BRDA:62,11,0,5
BRDA:74,12,0,5
BRDA:78,13,0,5
BRF:14
BRH:14
end_of_record
TN:
SF:src/infrastructure/repository/product.repository.sequelize.ts
FN:7,create
FN:10,update
FN:15,findById
FN:27,findAll
FN:44,toPersistenceObject
FNF:5
FNH:5
FNDA:13,create
FNDA:1,update
FNDA:5,findById
FNDA:1,findAll
FNDA:14,toPersistenceObject
DA:1,1
DA:2,1
DA:3,1
DA:4,1
DA:5,1
DA:6,1
DA:7,1
DA:8,13
DA:9,13
DA:10,1
DA:11,1
DA:12,1
DA:13,1
DA:14,1
DA:15,1
DA:16,5
DA:17,5
DA:18,1
DA:19,1
DA:20,4
DA:21,4
DA:22,5
DA:23,5
DA:24,5
DA:25,5
DA:26,1
DA:27,1
DA:28,1
DA:29,1
DA:30,1
DA:31,1
DA:32,5
DA:33,5
DA:34,5
DA:35,5
DA:36,5
DA:37,5
DA:38,5
DA:39,1
DA:40,1
DA:41,1
DA:42,1
DA:43,1
DA:44,1
DA:45,14
DA:46,14
DA:47,14
DA:48,14
DA:49,14
DA:50,14
DA:51,1
DA:52,1
LF:52
LH:52
BRDA:7,0,0,13
BRDA:10,1,0,1
BRDA:15,2,0,5
BRDA:17,3,0,1
BRDA:19,4,0,4
BRDA:22,5,0,4
BRDA:23,6,0,4
BRDA:27,7,0,1
BRDA:31,8,0,5
BRDA:44,9,0,14
BRF:10
BRH:10
end_of_record
