TN:
SF:src/entity/address.ts
FN:1,<instance_members_initializer>
FN:8,Address
FN:17,get street
FN:21,get number
FN:25,get zip
FN:29,get city
FN:33,validate
FN:48,toString
FNF:8
FNH:3
FNDA:2,<instance_members_initializer>
FNDA:2,Address
FNDA:0,get street
FNDA:0,get number
FNDA:0,get zip
FNDA:0,get city
FNDA:2,validate
FNDA:0,toString
DA:1,1
DA:2,2
DA:3,2
DA:4,2
DA:5,2
DA:6,2
DA:7,2
DA:8,2
DA:9,2
DA:10,2
DA:11,2
DA:12,2
DA:13,2
DA:14,2
DA:15,2
DA:16,2
DA:17,2
DA:18,0
DA:19,0
DA:20,2
DA:21,2
DA:22,0
DA:23,0
DA:24,2
DA:25,2
DA:26,0
DA:27,0
DA:28,2
DA:29,2
DA:30,0
DA:31,0
DA:32,2
DA:33,2
DA:34,2
DA:35,0
DA:36,0
DA:37,2
DA:38,0
DA:39,0
DA:40,2
DA:41,0
DA:42,0
DA:43,2
DA:44,0
DA:45,0
DA:46,2
DA:47,2
DA:48,2
DA:49,0
DA:50,0
DA:51,2
LF:51
LH:33
BRDA:1,0,0,2
BRDA:8,1,0,2
BRDA:33,2,0,2
BRDA:34,3,0,0
BRDA:37,4,0,0
BRDA:40,5,0,0
BRDA:43,6,0,0
BRF:7
BRH:3
end_of_record
TN:
SF:src/entity/customer.ts
FN:3,<instance_members_initializer>
FN:10,Customer
FN:16,get id
FN:20,get name
FN:24,get Address
FN:28,isActive
FN:32,validate
FN:41,changeName
FN:46,changeAddress
FN:50,activate
FN:57,deactivate
FNF:11
FNH:10
FNDA:8,<instance_members_initializer>
FNDA:8,Customer
FNDA:2,get id
FNDA:2,get name
FNDA:0,get Address
FNDA:4,isActive
FNDA:9,validate
FNDA:1,changeName
FNDA:2,changeAddress
FNDA:3,activate
FNDA:1,deactivate
DA:1,1
DA:2,1
DA:3,1
DA:4,8
DA:5,8
DA:6,8
DA:7,8
DA:8,8
DA:9,8
DA:10,8
DA:11,8
DA:12,8
DA:13,8
DA:14,8
DA:15,8
DA:16,8
DA:17,2
DA:18,2
DA:19,8
DA:20,8
DA:21,2
DA:22,2
DA:23,8
DA:24,8
DA:25,0
DA:26,0
DA:27,8
DA:28,8
DA:29,4
DA:30,4
DA:31,8
DA:32,8
DA:33,9
DA:34,2
DA:35,2
DA:36,9
DA:37,2
DA:38,2
DA:39,9
DA:40,8
DA:41,8
DA:42,1
DA:43,1
DA:44,1
DA:45,8
DA:46,8
DA:47,2
DA:48,2
DA:49,8
DA:50,8
DA:51,3
DA:52,1
DA:53,1
DA:54,2
DA:55,2
DA:56,8
DA:57,8
DA:58,1
DA:59,1
DA:60,8
DA:61,8
LF:61
LH:59
BRDA:3,0,0,8
BRDA:10,1,0,8
BRDA:16,2,0,2
BRDA:20,3,0,2
BRDA:28,4,0,4
BRDA:32,5,0,9
BRDA:33,6,0,2
BRDA:35,7,0,7
BRDA:36,8,0,2
BRDA:41,9,0,1
BRDA:46,10,0,2
BRDA:50,11,0,3
BRDA:51,12,0,1
BRDA:53,13,0,2
BRDA:57,14,0,1
BRF:15
BRH:15
end_of_record
